#
# There is insufficient memory for the Java Runtime Environment to continue.
# Native memory allocation (malloc) failed to allocate 1048576 bytes for AllocateHeap
# Possible reasons:
#   The system is out of physical RAM or swap space
#   The process is running with CompressedOops enabled, and the Java Heap may be blocking the growth of the native heap
# Possible solutions:
#   Reduce memory load on the system
#   Increase physical memory or swap space
#   Check if swap backing store is full
#   Decrease Java heap size (-Xmx/-Xms)
#   Decrease number of Java threads
#   Decrease Java thread stack sizes (-Xss)
#   Set larger code cache with -XX:ReservedCodeCacheSize=
# This output file may be truncated or incomplete.
#
#  Out of Memory Error (t:/workspace/open/src/hotspot/share/memory/allocation.cpp:46), pid=14260, tid=1536
#
# JRE version:  (12.0.2+10) (build )
# Java VM: Java HotSpot(TM) 64-Bit Server VM (12.0.2+10, mixed mode, aot, sharing, tiered, compressed oops, g1 gc, windows-amd64)
# No core dump will be written. Minidumps are not enabled by default on client versions of Windows
#

---------------  S U M M A R Y ------------

Command Line: -ea -Didea.test.cyclic.buffer.size=1048576 -javaagent:C:\Program Files\JetBrains\IntelliJ IDEA 2020.3.3\lib\idea_rt.jar=61169:C:\Program Files\JetBrains\IntelliJ IDEA 2020.3.3\bin -Dfile.encoding=UTF-8 com.intellij.rt.testng.RemoteTestNGStarter -usedefaultlisteners false -socket61168 @w@C:\Users\Иван\AppData\Local\Temp\idea_working_dirs_testng.tmp -temp C:\Users\Иван\AppData\Local\Temp\idea_testng.tmp

Host: Intel(R) Core(TM) i7-8550U CPU @ 1.80GHz, 8 cores, 7G,  Windows 10 , 64 bit Build 17763 (10.0.17763.475)
Time: Sun May 16 00:46:16 2021 RTZ 2 (ceia) elapsed time: 0 seconds (0d 0h 0m 0s)

---------------  T H R E A D  ---------------

Current thread (0x000001b626d5c000):  JavaThread "Unknown thread" [_thread_in_vm, id=1536, stack(0x0000008a89900000,0x0000008a89a00000)]

Stack: [0x0000008a89900000,0x0000008a89a00000]
Native frames: (J=compiled Java code, j=interpreted, Vv=VM code, C=native code)
V  [jvm.dll+0x63aa2a]
V  [jvm.dll+0x78ce1e]
V  [jvm.dll+0x78e4c1]
V  [jvm.dll+0x78eb13]
V  [jvm.dll+0x2627e8]
V  [jvm.dll+0xbcabf]
V  [jvm.dll+0x300a83]
V  [jvm.dll+0x2f9695]
V  [jvm.dll+0x767267]
V  [jvm.dll+0x7689f5]
V  [jvm.dll+0x380059]
V  [jvm.dll+0x74b794]
V  [jvm.dll+0x3ef5cd]
V  [jvm.dll+0x3f1471]
C  [jli.dll+0x51cf]
C  [ucrtbase.dll+0x2268a]
C  [KERNEL32.DLL+0x17974]
C  [ntdll.dll+0x5a0b1]


---------------  P R O C E S S  ---------------

Threads class SMR info:
_java_thread_list=0x00007ff950ca7928, length=0, elements={
}

Java Threads: ( => current thread )

Other Threads:
  0x000001b626d99800 GCTaskThread "GC Thread#0" [stack: 0x0000008a89a00000,0x0000008a89b00000] [id=24928]

[error occurred during error reporting (printing all threads), id 0xc0000005, EXCEPTION_ACCESS_VIOLATION (0xc0000005) at pc=0x00007ff9504d5680]

VM state:not at safepoint (not fully initialized)

VM Mutex/Monitor currently owned by a thread:  ([mutex/lock_event])
[0x000001b626d575c0] Heap_lock - owner thread: 0x000001b626d5c000

Heap address: 0x0000000081e00000, size: 2018 MB, Compressed Oops mode: Non-zero based: 0x0000000081e00000
Narrow klass base: 0x0000000000000000, Narrow klass shift: 0

GC Heap History (0 events):
No events

Deoptimization events (0 events):
No events

Classes redefined (0 events):
No events

Internal exceptions (0 events):
No events

Events (0 events):
No events


Dynamic libraries:
0x00007ff659d70000 - 0x00007ff659d7f000 	C:\Program Files\Java\jdk-12.0.2\bin\java.exe
0x00007ff9b6270000 - 0x00007ff9b645d000 	C:\Windows\SYSTEM32\ntdll.dll
0x00007ff9b4a20000 - 0x00007ff9b4ad3000 	C:\Windows\System32\KERNEL32.DLL
0x00007ff9b24c0000 - 0x00007ff9b2755000 	C:\Windows\System32\KERNELBASE.dll
0x00007ff9afc20000 - 0x00007ff9afcac000 	C:\Windows\SYSTEM32\apphelp.dll
0x00007ff99f8e0000 - 0x00007ff99f93b000 	C:\Windows\SYSTEM32\AcGenral.DLL
0x00007ff9b46e0000 - 0x00007ff9b477e000 	C:\Windows\System32\msvcrt.dll
0x00007ff9b4980000 - 0x00007ff9b4a1e000 	C:\Windows\System32\sechost.dll
0x00007ff9b3bf0000 - 0x00007ff9b3d12000 	C:\Windows\System32\RPCRT4.dll
0x00007ff9b4900000 - 0x00007ff9b4952000 	C:\Windows\System32\SHLWAPI.dll
0x00007ff9b3d20000 - 0x00007ff9b404d000 	C:\Windows\System32\combase.dll
0x00007ff9b2760000 - 0x00007ff9b285a000 	C:\Windows\System32\ucrtbase.dll
0x00007ff9b2c40000 - 0x00007ff9b2cbe000 	C:\Windows\System32\bcryptPrimitives.dll
0x00007ff9b4b50000 - 0x00007ff9b4b79000 	C:\Windows\System32\GDI32.dll
0x00007ff9b2320000 - 0x00007ff9b24bc000 	C:\Windows\System32\gdi32full.dll
0x00007ff9b2910000 - 0x00007ff9b29b0000 	C:\Windows\System32\msvcp_win.dll
0x00007ff9b43e0000 - 0x00007ff9b4577000 	C:\Windows\System32\USER32.dll
0x00007ff9b2cc0000 - 0x00007ff9b2ce0000 	C:\Windows\System32\win32u.dll
0x00007ff9b4580000 - 0x00007ff9b46d6000 	C:\Windows\System32\ole32.dll
0x00007ff9b4330000 - 0x00007ff9b43d3000 	C:\Windows\System32\advapi32.dll
0x00007ff9b4b80000 - 0x00007ff9b6079000 	C:\Windows\System32\SHELL32.dll
0x00007ff9b2bf0000 - 0x00007ff9b2c3a000 	C:\Windows\System32\cfgmgr32.dll
0x00007ff9b4050000 - 0x00007ff9b40f8000 	C:\Windows\System32\shcore.dll
0x00007ff9b2d00000 - 0x00007ff9b3453000 	C:\Windows\System32\windows.storage.dll
0x00007ff9b22b0000 - 0x00007ff9b22d4000 	C:\Windows\System32\profapi.dll
0x00007ff9b2250000 - 0x00007ff9b22ad000 	C:\Windows\System32\powrprof.dll
0x00007ff9b22e0000 - 0x00007ff9b22f1000 	C:\Windows\System32\kernel.appcore.dll
0x00007ff9b2ce0000 - 0x00007ff9b2cf7000 	C:\Windows\System32\cryptsp.dll
0x00007ff9b2180000 - 0x00007ff9b21a9000 	C:\Windows\SYSTEM32\USERENV.dll
0x00007ff9a6c20000 - 0x00007ff9a6c3b000 	C:\Windows\SYSTEM32\MPR.dll
0x00007ff9b2150000 - 0x00007ff9b217f000 	C:\Windows\SYSTEM32\SspiCli.dll
0x00007ff9b4110000 - 0x00007ff9b413e000 	C:\Windows\System32\IMM32.DLL
0x00007ff9a9320000 - 0x00007ff9a9336000 	C:\Program Files\Java\jdk-12.0.2\bin\VCRUNTIME140.dll
0x00007ff9aad50000 - 0x00007ff9aad68000 	C:\Program Files\Java\jdk-12.0.2\bin\jli.dll
0x00007ff9ad910000 - 0x00007ff9ad91a000 	C:\Windows\SYSTEM32\VERSION.dll
0x00007ff9a3be0000 - 0x00007ff9a3e59000 	C:\Windows\WinSxS\amd64_microsoft.windows.common-controls_6595b64144ccf1df_6.0.17763.1577_none_de7444545348a3d0\COMCTL32.dll
0x00007ff991370000 - 0x00007ff99141a000 	C:\Program Files\Java\jdk-12.0.2\bin\msvcp140.dll
0x00007ff9501d0000 - 0x00007ff950d47000 	C:\Program Files\Java\jdk-12.0.2\bin\server\jvm.dll
0x00007ff9b6080000 - 0x00007ff9b6088000 	C:\Windows\System32\PSAPI.DLL
0x00007ff99c510000 - 0x00007ff99c534000 	C:\Windows\SYSTEM32\WINMM.dll
0x00007ff9ad090000 - 0x00007ff9ad099000 	C:\Windows\SYSTEM32\WSOCK32.dll
0x00007ff9b4ae0000 - 0x00007ff9b4b4d000 	C:\Windows\System32\WS2_32.dll
0x00007ff9a58f0000 - 0x00007ff9a591d000 	C:\Windows\SYSTEM32\WINMMBASE.dll
0x00007ff9a7ac0000 - 0x00007ff9a7ad1000 	C:\Program Files\Java\jdk-12.0.2\bin\verify.dll
0x00007ff9b0ba0000 - 0x00007ff9b0d8d000 	C:\Windows\SYSTEM32\DBGHELP.DLL
0x00007ff9ac980000 - 0x00007ff9ac9aa000 	C:\Windows\SYSTEM32\dbgcore.DLL
0x00007ff9a2df0000 - 0x00007ff9a2e16000 	C:\Program Files\Java\jdk-12.0.2\bin\java.dll
0x00007ff9a1df0000 - 0x00007ff9a1dfe000 	C:\Program Files\Java\jdk-12.0.2\bin\instrument.dll
0x00007ff9a7980000 - 0x00007ff9a7997000 	C:\Program Files\Java\jdk-12.0.2\bin\zip.dll
0x00007ff9ad150000 - 0x00007ff9ad15a000 	C:\Program Files\Java\jdk-12.0.2\bin\jimage.dll

dbghelp: loaded successfully - version: 4.0.5 - missing functions: none
symbol engine: initialized successfully - sym options: 0x614 - pdb path: .;C:\Program Files\Java\jdk-12.0.2\bin;C:\Windows\SYSTEM32;C:\Windows\WinSxS\amd64_microsoft.windows.common-controls_6595b64144ccf1df_6.0.17763.1577_none_de7444545348a3d0;C:\Program Files\Java\jdk-12.0.2\bin\server

VM Arguments:
jvm_args: -ea -Didea.test.cyclic.buffer.size=1048576 -javaagent:C:\Program Files\JetBrains\IntelliJ IDEA 2020.3.3\lib\idea_rt.jar=61169:C:\Program Files\JetBrains\IntelliJ IDEA 2020.3.3\bin -Dfile.encoding=UTF-8 
java_command: com.intellij.rt.testng.RemoteTestNGStarter -usedefaultlisteners false -socket61168 @w@C:\Users\Иван\AppData\Local\Temp\idea_working_dirs_testng.tmp -temp C:\Users\Иван\AppData\Local\Temp\idea_testng.tmp
java_class_path (initial): C:\Program Files\JetBrains\IntelliJ IDEA 2020.3.3\lib\idea_rt.jar;C:\Program Files\JetBrains\IntelliJ IDEA 2020.3.3\plugins\testng\lib\testng-rt.jar;C:\Users\Иван\Desktop\task4epam\out\test\task4epam;C:\Users\Иван\Desktop\task4epam\out\production\task4epam;C:\Users\Иван\Desktop\task4epam\lib\testng-7.4.0.jar;C:\Users\Иван\Desktop\task4epam\lib\testng-6.11.jar;C:\Users\Иван\Desktop\task4epam\lib\testng-7.1.0.jar;C:\Users\Иван\Desktop\task4epam\lib\snakeyaml-1.17.jar;C:\Users\Иван\Desktop\task4epam\lib\log4j-core-2.14.1.jar;C:\Users\Иван\Desktop\task4epam\lib\log4j-api-2.14.1.jar;C:\Users\Иван\Desktop\task4epam\lib\jcommander-1.64.jar
Launcher Type: SUN_STANDARD

[Global flags]
     intx CICompilerCount                          = 4                                         {product} {ergonomic}
     uint ConcGCThreads                            = 2                                         {product} {ergonomic}
     uint G1ConcRefinementThreads                  = 8                                         {product} {ergonomic}
   size_t G1HeapRegionSize                         = 1048576                                   {product} {ergonomic}
    uintx GCDrainStackTargetSize                   = 64                                        {product} {ergonomic}
   size_t InitialHeapSize                          = 134217728                                 {product} {ergonomic}
   size_t MarkStackSize                            = 4194304                                   {product} {ergonomic}
   size_t MaxHeapSize                              = 2116026368                                {product} {ergonomic}
   size_t MinHeapDeltaBytes                        = 1048576                                   {product} {ergonomic}
    uintx NonNMethodCodeHeapSize                   = 5836300                                {pd product} {ergonomic}
    uintx NonProfiledCodeHeapSize                  = 122910970                              {pd product} {ergonomic}
    uintx ProfiledCodeHeapSize                     = 122910970                              {pd product} {ergonomic}
    uintx ReservedCodeCacheSize                    = 251658240                              {pd product} {ergonomic}
     bool SegmentedCodeCache                       = true                                      {product} {ergonomic}
     bool UseCompressedClassPointers               = true                                 {lp64_product} {ergonomic}
     bool UseCompressedOops                        = true                                 {lp64_product} {ergonomic}
     bool UseG1GC                                  = true                                      {product} {ergonomic}
     bool UseLargePagesIndividualAllocation        = false                                  {pd product} {ergonomic}

Logging:
Log output configuration:
 #0: stdout all=warning uptime,level,tags
 #1: stderr all=off uptime,level,tags

Environment Variables:
JAVA_HOME=C:\Program Files\Java\jdk-12.0.2
PATH=C:\Perl64\bin;C:\Users\Иван\AppData\Roaming\ActiveState\bin;C:\Program Files (x86)\Embarcadero\Studio\20.0\bin;C:\Users\Public\Documents\Embarcadero\Studio\20.0\Bpl;C:\Program Files (x86)\Embarcadero\Studio\20.0\bin64;C:\Users\Public\Documents\Embarcadero\Studio\20.0\Bpl\Win64;C:\Program Files (x86)\Common Files\Intel\Shared Files\cpp\bin\Intel64;C:\Windows\system32\;C:\Windows;C:\Windows\System32\Wbem;C:\Windows\System32\WindowsPowerShell\v1.0\;C:\Windows\System32\OpenSSH\;C:\Program Files (x86)\NVIDIA Corporation\PhysX\Common;C:\Program Files\Java\jdk-12.0.2\bin;C:\Program Files\MATLAB\R2018a\runtime\win64;C:\Program Files\MATLAB\R2018a\bin;C:\Program Files\Git\cmd;C:\Program Files (x86)\Windows Kits\10\Windows Performance Toolkit\;D:\dev\msys64\mingw64\bin;C:\Github\Install;C:\Perl64;C:\GnuWin32\bin;C:\CodeBlocks\MinGW\bin;C:\dev\Java\apache-maven-3.6.3\bin;C:\Program Files\nodejs\;C:\Users\Иван\AppData\Local\Microsoft\WindowsApps;C:\Users\Иван\AppData\Local\GitHubDesktop\bin;C:\Program Files\JetBrains\IntelliJ IDEA Community Edition 2020.2.4\bin;;C:\Users\Иван\AppData\Local\Programs\Microsoft VS Code\bin;C:\Users\Иван\AppData\Roaming\npm
USERNAME=Иван
OS=Windows_NT
PROCESSOR_IDENTIFIER=Intel64 Family 6 Model 142 Stepping 10, GenuineIntel



---------------  S Y S T E M  ---------------

OS: Windows 10 , 64 bit Build 17763 (10.0.17763.475)

CPU:total 8 (initial active 8) (4 cores per cpu, 2 threads per core) family 6 model 142 stepping 10, cmov, cx8, fxsr, mmx, sse, sse2, sse3, ssse3, sse4.1, sse4.2, popcnt, avx, avx2, aes, clmul, erms, 3dnowpref, lzcnt, ht, tsc, tscinvbit, bmi1, bmi2, adx, fma

Memory: 4k page, system-wide physical 8066M (1147M free)
TotalPageFile size 20273M (AvailPageFile size 7M)
current process WorkingSet (physical memory assigned to process): 12M, peak: 12M
current process commit charge ("private bytes"): 60M, peak: 61M

vm_info: Java HotSpot(TM) 64-Bit Server VM (12.0.2+10) for windows-amd64 JRE (12.0.2+10), built on Jul 16 2019 01:56:17 by "mach5one" with MS VC++ 15.5 (VS2017)

END.
