2021-05-16 19:41:44 [main] INFO  epam.handlertask.parser.impl.ExpressionParser- 9
2021-05-16 19:41:44 [main] INFO  epam.handlertask.parser.impl.ExpressionParser- 5
2021-05-16 19:41:44 [main] INFO  epam.handlertask.parser.impl.ExpressionParser- 78
2021-05-16 19:41:44 [main] INFO  epam.handlertask.parser.impl.ExpressionParser- 1202
2021-05-16 19:43:18 [main] INFO  epam.handlertask.reader.impl.TextReaderImpl- In readFromFile() : File are reading...
2021-05-16 19:43:18 [main] INFO  epam.handlertask.parser.impl.ExpressionParser- 52
2021-05-16 19:43:18 [main] INFO  epam.handlertask.parser.impl.ExpressionParser- 0
2021-05-16 19:43:18 [main] INFO  epam.handlertask.parser.impl.ExpressionParser- 9
2021-05-16 19:43:18 [main] INFO  epam.handlertask.parser.impl.ExpressionParser- 5
2021-05-16 19:43:18 [main] INFO  epam.handlertask.parser.impl.ExpressionParser- 78
2021-05-16 19:43:18 [main] INFO  epam.handlertask.parser.impl.ExpressionParser- 1202
2021-05-16 19:43:39 [main] INFO  epam.handlertask.reader.impl.TextReaderImpl- In readFromFile() : File are reading...
2021-05-16 19:43:39 [main] INFO  epam.handlertask.parser.impl.ExpressionParser- 52
2021-05-16 19:43:39 [main] INFO  epam.handlertask.parser.impl.ExpressionParser- 0
2021-05-16 19:43:39 [main] INFO  epam.handlertask.parser.impl.ExpressionParser- 9
2021-05-16 19:43:39 [main] INFO  epam.handlertask.parser.impl.ExpressionParser- 5
2021-05-16 19:43:39 [main] INFO  epam.handlertask.parser.impl.ExpressionParser- 78
2021-05-16 19:43:39 [main] INFO  epam.handlertask.parser.impl.ExpressionParser- 1202
2021-05-16 19:45:50 [main] INFO  epam.handlertask.reader.impl.TextReaderImpl- In readFromFile() : File are reading...
2021-05-16 19:45:50 [main] INFO  epam.handlertask.parser.impl.LexemeParser- -
2021-05-16 19:45:50 [main] INFO  epam.handlertask.parser.impl.LexemeParser- (
2021-05-16 19:45:50 [main] INFO  epam.handlertask.parser.impl.LexemeParser- )
2021-05-16 19:45:50 [main] INFO  epam.handlertask.parser.impl.LexemeParser- ,
2021-05-16 19:45:50 [main] INFO  epam.handlertask.parser.impl.ExpressionParser- 52
2021-05-16 19:45:50 [main] INFO  epam.handlertask.parser.impl.LexemeParser- <
2021-05-16 19:45:50 [main] INFO  epam.handlertask.parser.impl.LexemeParser- <
2021-05-16 19:45:50 [main] INFO  epam.handlertask.parser.impl.LexemeParser- ,
2021-05-16 19:45:50 [main] INFO  epam.handlertask.parser.impl.ExpressionParser- 0
2021-05-16 19:45:50 [main] INFO  epam.handlertask.parser.impl.LexemeParser- >
2021-05-16 19:45:50 [main] INFO  epam.handlertask.parser.impl.LexemeParser- >
2021-05-16 19:45:50 [main] INFO  epam.handlertask.parser.impl.ExpressionParser- 9
2021-05-16 19:45:50 [main] INFO  epam.handlertask.parser.impl.LexemeParser- ~
2021-05-16 19:45:50 [main] INFO  epam.handlertask.parser.impl.LexemeParser- &
2021-05-16 19:45:50 [main] INFO  epam.handlertask.parser.impl.LexemeParser- |
2021-05-16 19:45:50 [main] INFO  epam.handlertask.parser.impl.LexemeParser- (
2021-05-16 19:45:50 [main] INFO  epam.handlertask.parser.impl.LexemeParser- &
2021-05-16 19:45:50 [main] INFO  epam.handlertask.parser.impl.LexemeParser- )
2021-05-16 19:45:50 [main] INFO  epam.handlertask.parser.impl.LexemeParser- .
2021-05-16 19:45:50 [main] INFO  epam.handlertask.parser.impl.ExpressionParser- 5
2021-05-16 19:45:50 [main] INFO  epam.handlertask.parser.impl.LexemeParser- |
2021-05-16 19:45:50 [main] INFO  epam.handlertask.parser.impl.LexemeParser- (
2021-05-16 19:45:50 [main] INFO  epam.handlertask.parser.impl.LexemeParser- &
2021-05-16 19:45:50 [main] INFO  epam.handlertask.parser.impl.LexemeParser- &
2021-05-16 19:45:50 [main] INFO  epam.handlertask.parser.impl.LexemeParser- (
2021-05-16 19:45:50 [main] INFO  epam.handlertask.parser.impl.LexemeParser- |
2021-05-16 19:45:50 [main] INFO  epam.handlertask.parser.impl.LexemeParser- (
2021-05-16 19:45:50 [main] INFO  epam.handlertask.parser.impl.LexemeParser- &
2021-05-16 19:45:50 [main] INFO  epam.handlertask.parser.impl.LexemeParser- (
2021-05-16 19:45:50 [main] INFO  epam.handlertask.parser.impl.LexemeParser- ^
2021-05-16 19:45:50 [main] INFO  epam.handlertask.parser.impl.LexemeParser- |
2021-05-16 19:45:50 [main] INFO  epam.handlertask.parser.impl.LexemeParser- &
2021-05-16 19:45:50 [main] INFO  epam.handlertask.parser.impl.LexemeParser- )
2021-05-16 19:45:50 [main] INFO  epam.handlertask.parser.impl.LexemeParser- |
2021-05-16 19:45:50 [main] INFO  epam.handlertask.parser.impl.LexemeParser- )
2021-05-16 19:45:50 [main] INFO  epam.handlertask.parser.impl.LexemeParser- |
2021-05-16 19:45:50 [main] INFO  epam.handlertask.parser.impl.LexemeParser- (
2021-05-16 19:45:50 [main] INFO  epam.handlertask.parser.impl.LexemeParser- ~
2021-05-16 19:45:50 [main] INFO  epam.handlertask.parser.impl.LexemeParser- &
2021-05-16 19:45:50 [main] INFO  epam.handlertask.parser.impl.LexemeParser- |
2021-05-16 19:45:50 [main] INFO  epam.handlertask.parser.impl.LexemeParser- (
2021-05-16 19:45:50 [main] INFO  epam.handlertask.parser.impl.LexemeParser- &
2021-05-16 19:45:50 [main] INFO  epam.handlertask.parser.impl.LexemeParser- )
2021-05-16 19:45:50 [main] INFO  epam.handlertask.parser.impl.LexemeParser- )
