2021-05-16 18:50:55 [main] INFO  epam.handlertask.parser.impl.LexemeParser- (~71&(2&3|(3|(2&1>>2|2)&2)|10&2))|78
2021-05-16 18:50:55 [main] INFO  epam.handlertask.parser.impl.LexemeParser- (7^5|1&2<<(2|5>>2&71))|1200
2021-05-16 18:51:18 [main] INFO  epam.handlertask.reader.impl.TextReaderImpl- In readFromFile() : File are reading...
2021-05-16 18:51:18 [main] INFO  epam.handlertask.parser.impl.LexemeParser- It
2021-05-16 18:51:18 [main] INFO  epam.handlertask.parser.impl.LexemeParser- has
2021-05-16 18:51:18 [main] INFO  epam.handlertask.parser.impl.LexemeParser- survived
2021-05-16 18:51:18 [main] INFO  epam.handlertask.parser.impl.LexemeParser- not
2021-05-16 18:51:18 [main] INFO  epam.handlertask.parser.impl.LexemeParser- only
2021-05-16 18:51:18 [main] INFO  epam.handlertask.parser.impl.LexemeParser- five
2021-05-16 18:51:18 [main] INFO  epam.handlertask.parser.impl.LexemeParser- centuries
2021-05-16 18:51:18 [main] INFO  epam.handlertask.parser.impl.LexemeParser- but
2021-05-16 18:51:18 [main] INFO  epam.handlertask.parser.impl.LexemeParser- also
2021-05-16 18:51:18 [main] INFO  epam.handlertask.parser.impl.LexemeParser- the
2021-05-16 18:51:18 [main] INFO  epam.handlertask.parser.impl.LexemeParser- leap
2021-05-16 18:51:18 [main] INFO  epam.handlertask.parser.impl.LexemeParser- into
2021-05-16 18:51:18 [main] INFO  epam.handlertask.parser.impl.LexemeParser- electronic
2021-05-16 18:51:18 [main] INFO  epam.handlertask.parser.impl.LexemeParser- typesetting
2021-05-16 18:51:18 [main] INFO  epam.handlertask.parser.impl.LexemeParser- remaining
2021-05-16 18:51:18 [main] INFO  epam.handlertask.parser.impl.LexemeParser- essentially
2021-05-16 18:51:18 [main] INFO  epam.handlertask.parser.impl.LexemeParser- unchanged
2021-05-16 18:51:18 [main] INFO  epam.handlertask.parser.impl.LexemeParser- It
2021-05-16 18:51:18 [main] INFO  epam.handlertask.parser.impl.LexemeParser- was
2021-05-16 18:51:18 [main] INFO  epam.handlertask.parser.impl.LexemeParser- popularised
2021-05-16 18:51:18 [main] INFO  epam.handlertask.parser.impl.LexemeParser- in
2021-05-16 18:51:18 [main] INFO  epam.handlertask.parser.impl.LexemeParser- the
2021-05-16 18:51:18 [main] INFO  epam.handlertask.parser.impl.LexemeParser- with
2021-05-16 18:51:18 [main] INFO  epam.handlertask.parser.impl.LexemeParser- the
2021-05-16 18:51:18 [main] INFO  epam.handlertask.parser.impl.LexemeParser- release
2021-05-16 18:51:18 [main] INFO  epam.handlertask.parser.impl.LexemeParser- of
2021-05-16 18:51:18 [main] INFO  epam.handlertask.parser.impl.LexemeParser- Letraset
2021-05-16 18:51:18 [main] INFO  epam.handlertask.parser.impl.LexemeParser- sheets
2021-05-16 18:51:18 [main] INFO  epam.handlertask.parser.impl.LexemeParser- containing
2021-05-16 18:51:18 [main] INFO  epam.handlertask.parser.impl.LexemeParser- Lorem
2021-05-16 18:51:18 [main] INFO  epam.handlertask.parser.impl.LexemeParser- Ipsum
2021-05-16 18:51:18 [main] INFO  epam.handlertask.parser.impl.LexemeParser- passages
2021-05-16 18:51:18 [main] INFO  epam.handlertask.parser.impl.LexemeParser- and
2021-05-16 18:51:18 [main] INFO  epam.handlertask.parser.impl.LexemeParser- more
2021-05-16 18:51:18 [main] INFO  epam.handlertask.parser.impl.LexemeParser- recently
2021-05-16 18:51:18 [main] INFO  epam.handlertask.parser.impl.LexemeParser- with
2021-05-16 18:51:18 [main] INFO  epam.handlertask.parser.impl.LexemeParser- desktop
2021-05-16 18:51:18 [main] INFO  epam.handlertask.parser.impl.LexemeParser- publishing
2021-05-16 18:51:18 [main] INFO  epam.handlertask.parser.impl.LexemeParser- software
2021-05-16 18:51:18 [main] INFO  epam.handlertask.parser.impl.LexemeParser- like
2021-05-16 18:51:18 [main] INFO  epam.handlertask.parser.impl.LexemeParser- Aldus
2021-05-16 18:51:18 [main] INFO  epam.handlertask.parser.impl.LexemeParser- PageMaker
2021-05-16 18:51:18 [main] INFO  epam.handlertask.parser.impl.LexemeParser- including
2021-05-16 18:51:18 [main] INFO  epam.handlertask.parser.impl.LexemeParser- versions
2021-05-16 18:51:18 [main] INFO  epam.handlertask.parser.impl.LexemeParser- of
2021-05-16 18:51:18 [main] INFO  epam.handlertask.parser.impl.LexemeParser- Lorem
2021-05-16 18:51:18 [main] INFO  epam.handlertask.parser.impl.LexemeParser- Ipsum
2021-05-16 18:51:18 [main] INFO  epam.handlertask.parser.impl.LexemeParser- It
2021-05-16 18:51:18 [main] INFO  epam.handlertask.parser.impl.LexemeParser- is
2021-05-16 18:51:18 [main] INFO  epam.handlertask.parser.impl.LexemeParser- a
2021-05-16 18:51:18 [main] INFO  epam.handlertask.parser.impl.LexemeParser- long
2021-05-16 18:51:18 [main] INFO  epam.handlertask.parser.impl.LexemeParser- established
2021-05-16 18:51:18 [main] INFO  epam.handlertask.parser.impl.LexemeParser- fact
2021-05-16 18:51:18 [main] INFO  epam.handlertask.parser.impl.LexemeParser- that
2021-05-16 18:51:18 [main] INFO  epam.handlertask.parser.impl.LexemeParser- a
2021-05-16 18:51:18 [main] INFO  epam.handlertask.parser.impl.LexemeParser- reader
2021-05-16 18:51:18 [main] INFO  epam.handlertask.parser.impl.LexemeParser- will
2021-05-16 18:51:18 [main] INFO  epam.handlertask.parser.impl.LexemeParser- be
