2021-05-06 16:52:10 [main] INFO  epam.handlertask.parser.impl.SentenceParser- It
2021-05-06 16:52:10 [main] INFO  epam.handlertask.parser.impl.SentenceParser- is
2021-05-06 16:52:10 [main] INFO  epam.handlertask.parser.impl.SentenceParser- a
2021-05-06 16:52:10 [main] INFO  epam.handlertask.parser.impl.SentenceParser- (7^5|1&2<<(2|5>>2&71))|1200
2021-05-06 16:52:10 [main] INFO  epam.handlertask.parser.impl.SentenceParser- established
2021-05-06 16:52:10 [main] INFO  epam.handlertask.parser.impl.SentenceParser- fact
2021-05-06 16:52:10 [main] INFO  epam.handlertask.parser.impl.SentenceParser- that
2021-05-06 16:52:10 [main] INFO  epam.handlertask.parser.impl.SentenceParser- a
2021-05-06 16:52:10 [main] INFO  epam.handlertask.parser.impl.SentenceParser- reader
2021-05-06 16:52:10 [main] INFO  epam.handlertask.parser.impl.SentenceParser- will
2021-05-06 16:52:10 [main] INFO  epam.handlertask.parser.impl.SentenceParser- be
2021-05-06 16:52:10 [main] INFO  epam.handlertask.parser.impl.SentenceParser- of
2021-05-06 16:52:10 [main] INFO  epam.handlertask.parser.impl.SentenceParser- a
2021-05-06 16:52:10 [main] INFO  epam.handlertask.parser.impl.SentenceParser- page
2021-05-06 16:52:10 [main] INFO  epam.handlertask.parser.impl.SentenceParser- when
2021-05-06 16:52:10 [main] INFO  epam.handlertask.parser.impl.SentenceParser- looking
2021-05-06 16:52:10 [main] INFO  epam.handlertask.parser.impl.SentenceParser- at
2021-05-06 16:52:10 [main] INFO  epam.handlertask.parser.impl.SentenceParser- its
2021-05-06 16:52:10 [main] INFO  epam.handlertask.parser.impl.SentenceParser- layout.
2021-05-06 16:52:10 [main] INFO  epam.handlertask.parser.impl.SentenceParser- Bye.
2021-05-16 18:44:49 [main] INFO  epam.handlertask.reader.impl.TextReaderImpl- In readFromFile() : File are reading...
2021-05-16 18:44:49 [main] INFO  epam.handlertask.parser.impl.SentenceParser- It
2021-05-16 18:45:51 [main] INFO  epam.handlertask.reader.impl.TextReaderImpl- In readFromFile() : File are reading...
2021-05-16 18:45:51 [main] INFO  epam.handlertask.parser.impl.SentenceParser- It
2021-05-16 18:45:51 [main] INFO  epam.handlertask.parser.impl.SentenceParser- has
2021-05-16 18:45:51 [main] INFO  epam.handlertask.parser.impl.SentenceParser- survived
2021-05-16 18:45:51 [main] INFO  epam.handlertask.parser.impl.SentenceParser- -
2021-05-16 18:45:51 [main] INFO  epam.handlertask.parser.impl.SentenceParser- not
2021-05-16 18:45:51 [main] INFO  epam.handlertask.parser.impl.SentenceParser- only
2021-05-16 18:45:51 [main] INFO  epam.handlertask.parser.impl.SentenceParser- (five)
2021-05-16 18:45:51 [main] INFO  epam.handlertask.parser.impl.SentenceParser- centuries,
2021-05-16 18:45:51 [main] INFO  epam.handlertask.parser.impl.SentenceParser- but
2021-05-16 18:45:51 [main] INFO  epam.handlertask.parser.impl.SentenceParser- also
2021-05-16 18:45:51 [main] INFO  epam.handlertask.parser.impl.SentenceParser- the
2021-05-16 18:45:51 [main] INFO  epam.handlertask.parser.impl.SentenceParser- leap
2021-05-16 18:45:51 [main] INFO  epam.handlertask.parser.impl.SentenceParser- into
2021-05-16 18:45:51 [main] INFO  epam.handlertask.parser.impl.SentenceParser- 13<<2
2021-05-16 18:46:19 [main] INFO  epam.handlertask.reader.impl.TextReaderImpl- In readFromFile() : File are reading...
2021-05-16 18:46:19 [main] INFO  epam.handlertask.parser.impl.SentenceParser- It
2021-05-16 18:46:19 [main] INFO  epam.handlertask.parser.impl.SentenceParser- has
2021-05-16 18:46:19 [main] INFO  epam.handlertask.parser.impl.SentenceParser- survived
2021-05-16 18:46:19 [main] INFO  epam.handlertask.parser.impl.SentenceParser- -
2021-05-16 18:46:19 [main] INFO  epam.handlertask.parser.impl.SentenceParser- not
2021-05-16 18:46:19 [main] INFO  epam.handlertask.parser.impl.SentenceParser- only
2021-05-16 18:46:19 [main] INFO  epam.handlertask.parser.impl.SentenceParser- (five)
2021-05-16 18:46:19 [main] INFO  epam.handlertask.parser.impl.SentenceParser- centuries,
2021-05-16 18:46:19 [main] INFO  epam.handlertask.parser.impl.SentenceParser- but
2021-05-16 18:46:19 [main] INFO  epam.handlertask.parser.impl.SentenceParser- also
2021-05-16 18:46:19 [main] INFO  epam.handlertask.parser.impl.SentenceParser- the
2021-05-16 18:46:19 [main] INFO  epam.handlertask.parser.impl.SentenceParser- leap
2021-05-16 18:46:19 [main] INFO  epam.handlertask.parser.impl.SentenceParser- into
2021-05-16 18:46:19 [main] INFO  epam.handlertask.parser.impl.SentenceParser- 13<<2
2021-05-16 18:46:19 [main] INFO  epam.handlertask.parser.impl.SentenceParser- electronic
2021-05-16 18:46:19 [main] INFO  epam.handlertask.parser.impl.SentenceParser- typesetting,
2021-05-16 18:46:19 [main] INFO  epam.handlertask.parser.impl.SentenceParser- remaining
2021-05-16 18:46:19 [main] INFO  epam.handlertask.parser.impl.SentenceParser- 3>>5
2021-05-16 18:46:19 [main] INFO  epam.handlertask.parser.impl.SentenceParser- essentially
2021-05-16 18:46:19 [main] INFO  epam.handlertask.parser.impl.SentenceParser- ~6&9|(3&4)
2021-05-16 18:46:19 [main] INFO  epam.handlertask.parser.impl.SentenceParser- unchanged.
