2021-05-16 18:46:19 [main] INFO  epam.handlertask.parser.impl.SentenceParser- It
2021-05-16 18:46:19 [main] INFO  epam.handlertask.parser.impl.SentenceParser- was
2021-05-16 18:46:19 [main] INFO  epam.handlertask.parser.impl.SentenceParser- popularised
2021-05-16 18:46:19 [main] INFO  epam.handlertask.parser.impl.SentenceParser- in
2021-05-16 18:46:19 [main] INFO  epam.handlertask.parser.impl.SentenceParser- the
2021-05-16 18:46:19 [main] INFO  epam.handlertask.parser.impl.SentenceParser- 5|(1&2&(3|(4&(1^5|6&47)|3)|(~89&4|(42&7)))|1)
2021-05-16 18:46:19 [main] INFO  epam.handlertask.parser.impl.SentenceParser- with
2021-05-16 18:46:19 [main] INFO  epam.handlertask.parser.impl.SentenceParser- the
2021-05-16 18:46:19 [main] INFO  epam.handlertask.parser.impl.SentenceParser- release
2021-05-16 18:46:19 [main] INFO  epam.handlertask.parser.impl.SentenceParser- of
2021-05-16 18:46:19 [main] INFO  epam.handlertask.parser.impl.SentenceParser- Letraset
2021-05-16 18:46:19 [main] INFO  epam.handlertask.parser.impl.SentenceParser- sheets
2021-05-16 18:46:19 [main] INFO  epam.handlertask.parser.impl.SentenceParser- containing
2021-05-16 18:46:19 [main] INFO  epam.handlertask.parser.impl.SentenceParser- Lorem
2021-05-16 18:46:19 [main] INFO  epam.handlertask.parser.impl.SentenceParser- Ipsum
2021-05-16 18:46:19 [main] INFO  epam.handlertask.parser.impl.SentenceParser- passages,
2021-05-16 18:46:19 [main] INFO  epam.handlertask.parser.impl.SentenceParser- and
2021-05-16 18:46:19 [main] INFO  epam.handlertask.parser.impl.SentenceParser- more
2021-05-16 18:46:19 [main] INFO  epam.handlertask.parser.impl.SentenceParser- recently
2021-05-16 18:46:19 [main] INFO  epam.handlertask.parser.impl.SentenceParser- with
2021-05-16 18:46:19 [main] INFO  epam.handlertask.parser.impl.SentenceParser- desktop
2021-05-16 18:46:19 [main] INFO  epam.handlertask.parser.impl.SentenceParser- publishing
2021-05-16 18:46:19 [main] INFO  epam.handlertask.parser.impl.SentenceParser- software
2021-05-16 18:46:19 [main] INFO  epam.handlertask.parser.impl.SentenceParser- like
2021-05-16 18:46:19 [main] INFO  epam.handlertask.parser.impl.SentenceParser- Aldus
2021-05-16 18:46:19 [main] INFO  epam.handlertask.parser.impl.SentenceParser- PageMaker
2021-05-16 18:46:19 [main] INFO  epam.handlertask.parser.impl.SentenceParser- including
2021-05-16 18:46:19 [main] INFO  epam.handlertask.parser.impl.SentenceParser- versions
2021-05-16 18:46:19 [main] INFO  epam.handlertask.parser.impl.SentenceParser- of
2021-05-16 18:46:19 [main] INFO  epam.handlertask.parser.impl.SentenceParser- Lorem
2021-05-16 18:46:19 [main] INFO  epam.handlertask.parser.impl.SentenceParser- Ipsum.
2021-05-16 18:46:19 [main] INFO  epam.handlertask.parser.impl.SentenceParser- It
2021-05-16 18:46:19 [main] INFO  epam.handlertask.parser.impl.SentenceParser- is
2021-05-16 18:46:19 [main] INFO  epam.handlertask.parser.impl.SentenceParser- a
2021-05-16 18:46:19 [main] INFO  epam.handlertask.parser.impl.SentenceParser- long
2021-05-16 18:46:19 [main] INFO  epam.handlertask.parser.impl.SentenceParser- established
2021-05-16 18:46:19 [main] INFO  epam.handlertask.parser.impl.SentenceParser- fact
2021-05-16 18:46:19 [main] INFO  epam.handlertask.parser.impl.SentenceParser- that
2021-05-16 18:46:19 [main] INFO  epam.handlertask.parser.impl.SentenceParser- a
2021-05-16 18:46:19 [main] INFO  epam.handlertask.parser.impl.SentenceParser- reader
2021-05-16 18:46:19 [main] INFO  epam.handlertask.parser.impl.SentenceParser- will
2021-05-16 18:46:19 [main] INFO  epam.handlertask.parser.impl.SentenceParser- be
2021-05-16 18:46:19 [main] INFO  epam.handlertask.parser.impl.SentenceParser- distracted
2021-05-16 18:46:19 [main] INFO  epam.handlertask.parser.impl.SentenceParser- by
2021-05-16 18:46:19 [main] INFO  epam.handlertask.parser.impl.SentenceParser- the
2021-05-16 18:46:19 [main] INFO  epam.handlertask.parser.impl.SentenceParser- readable
2021-05-16 18:46:19 [main] INFO  epam.handlertask.parser.impl.SentenceParser- content
2021-05-16 18:46:19 [main] INFO  epam.handlertask.parser.impl.SentenceParser- of
2021-05-16 18:46:19 [main] INFO  epam.handlertask.parser.impl.SentenceParser- a
2021-05-16 18:46:19 [main] INFO  epam.handlertask.parser.impl.SentenceParser- page
2021-05-16 18:46:19 [main] INFO  epam.handlertask.parser.impl.SentenceParser- when
2021-05-16 18:46:19 [main] INFO  epam.handlertask.parser.impl.SentenceParser- looking
2021-05-16 18:46:19 [main] INFO  epam.handlertask.parser.impl.SentenceParser- at
2021-05-16 18:46:19 [main] INFO  epam.handlertask.parser.impl.SentenceParser- its
2021-05-16 18:46:19 [main] INFO  epam.handlertask.parser.impl.SentenceParser- layout.
2021-05-16 18:46:19 [main] INFO  epam.handlertask.parser.impl.SentenceParser- The
2021-05-16 18:46:19 [main] INFO  epam.handlertask.parser.impl.SentenceParser- point
2021-05-16 18:46:19 [main] INFO  epam.handlertask.parser.impl.SentenceParser- of
2021-05-16 18:46:19 [main] INFO  epam.handlertask.parser.impl.SentenceParser- using
2021-05-16 18:46:19 [main] INFO  epam.handlertask.parser.impl.SentenceParser- (~71&(2&3|(3|(2&1>>2|2)&2)|10&2))|78
