2021-05-16 18:46:19 [main] INFO  epam.handlertask.parser.impl.SentenceParser- Ipsum
2021-05-16 18:46:19 [main] INFO  epam.handlertask.parser.impl.SentenceParser- is
2021-05-16 18:46:19 [main] INFO  epam.handlertask.parser.impl.SentenceParser- that
2021-05-16 18:46:19 [main] INFO  epam.handlertask.parser.impl.SentenceParser- it
2021-05-16 18:46:19 [main] INFO  epam.handlertask.parser.impl.SentenceParser- has
2021-05-16 18:46:19 [main] INFO  epam.handlertask.parser.impl.SentenceParser- a
2021-05-16 18:46:19 [main] INFO  epam.handlertask.parser.impl.SentenceParser- more-or-less
2021-05-16 18:46:19 [main] INFO  epam.handlertask.parser.impl.SentenceParser- normal
2021-05-16 18:46:19 [main] INFO  epam.handlertask.parser.impl.SentenceParser- distribution
2021-05-16 18:46:19 [main] INFO  epam.handlertask.parser.impl.SentenceParser- of
2021-05-16 18:46:19 [main] INFO  epam.handlertask.parser.impl.SentenceParser- letters,
2021-05-16 18:46:19 [main] INFO  epam.handlertask.parser.impl.SentenceParser- as
2021-05-16 18:46:19 [main] INFO  epam.handlertask.parser.impl.SentenceParser- opposed
2021-05-16 18:46:19 [main] INFO  epam.handlertask.parser.impl.SentenceParser- to
2021-05-16 18:46:19 [main] INFO  epam.handlertask.parser.impl.SentenceParser- using
2021-05-16 18:46:19 [main] INFO  epam.handlertask.parser.impl.SentenceParser- (Content
2021-05-16 18:46:19 [main] INFO  epam.handlertask.parser.impl.SentenceParser- here),
2021-05-16 18:46:19 [main] INFO  epam.handlertask.parser.impl.SentenceParser- content
2021-05-16 18:46:19 [main] INFO  epam.handlertask.parser.impl.SentenceParser- here',
2021-05-16 18:46:19 [main] INFO  epam.handlertask.parser.impl.SentenceParser- making
2021-05-16 18:46:19 [main] INFO  epam.handlertask.parser.impl.SentenceParser- it
2021-05-16 18:46:19 [main] INFO  epam.handlertask.parser.impl.SentenceParser- look
2021-05-16 18:46:19 [main] INFO  epam.handlertask.parser.impl.SentenceParser- like
2021-05-16 18:46:19 [main] INFO  epam.handlertask.parser.impl.SentenceParser- readable
2021-05-16 18:46:19 [main] INFO  epam.handlertask.parser.impl.SentenceParser- English.
2021-05-16 18:46:19 [main] INFO  epam.handlertask.parser.impl.SentenceParser- It
2021-05-16 18:46:19 [main] INFO  epam.handlertask.parser.impl.SentenceParser- is
2021-05-16 18:46:19 [main] INFO  epam.handlertask.parser.impl.SentenceParser- a
2021-05-16 18:46:19 [main] INFO  epam.handlertask.parser.impl.SentenceParser- (7^5|1&2<<(2|5>>2&71))|1200
2021-05-16 18:46:19 [main] INFO  epam.handlertask.parser.impl.SentenceParser- established
2021-05-16 18:46:19 [main] INFO  epam.handlertask.parser.impl.SentenceParser- fact
2021-05-16 18:46:19 [main] INFO  epam.handlertask.parser.impl.SentenceParser- that
2021-05-16 18:46:19 [main] INFO  epam.handlertask.parser.impl.SentenceParser- a
2021-05-16 18:46:19 [main] INFO  epam.handlertask.parser.impl.SentenceParser- reader
2021-05-16 18:46:19 [main] INFO  epam.handlertask.parser.impl.SentenceParser- will
2021-05-16 18:46:19 [main] INFO  epam.handlertask.parser.impl.SentenceParser- be
2021-05-16 18:46:19 [main] INFO  epam.handlertask.parser.impl.SentenceParser- of
2021-05-16 18:46:19 [main] INFO  epam.handlertask.parser.impl.SentenceParser- a
2021-05-16 18:46:19 [main] INFO  epam.handlertask.parser.impl.SentenceParser- page
2021-05-16 18:46:19 [main] INFO  epam.handlertask.parser.impl.SentenceParser- when
2021-05-16 18:46:19 [main] INFO  epam.handlertask.parser.impl.SentenceParser- looking
2021-05-16 18:46:19 [main] INFO  epam.handlertask.parser.impl.SentenceParser- at
2021-05-16 18:46:19 [main] INFO  epam.handlertask.parser.impl.SentenceParser- its
2021-05-16 18:46:19 [main] INFO  epam.handlertask.parser.impl.SentenceParser- layout.
2021-05-16 18:46:19 [main] INFO  epam.handlertask.parser.impl.SentenceParser- Bye.
2021-05-16 18:48:59 [main] INFO  epam.handlertask.reader.impl.TextReaderImpl- In readFromFile() : File are reading...
2021-05-16 18:48:59 [main] INFO  epam.handlertask.parser.impl.SentenceParser- It
2021-05-16 18:48:59 [main] INFO  epam.handlertask.parser.impl.SentenceParser- has
2021-05-16 18:48:59 [main] INFO  epam.handlertask.parser.impl.SentenceParser- survived
2021-05-16 18:48:59 [main] INFO  epam.handlertask.parser.impl.SentenceParser- -
2021-05-16 18:48:59 [main] INFO  epam.handlertask.parser.impl.SentenceParser- not
2021-05-16 18:48:59 [main] INFO  epam.handlertask.parser.impl.SentenceParser- only
2021-05-16 18:48:59 [main] INFO  epam.handlertask.parser.impl.SentenceParser- (five)
2021-05-16 18:48:59 [main] INFO  epam.handlertask.parser.impl.SentenceParser- centuries,
2021-05-16 18:48:59 [main] INFO  epam.handlertask.parser.impl.SentenceParser- but
2021-05-16 18:48:59 [main] INFO  epam.handlertask.parser.impl.SentenceParser- also
2021-05-16 18:48:59 [main] INFO  epam.handlertask.parser.impl.SentenceParser- the
2021-05-16 18:48:59 [main] INFO  epam.handlertask.parser.impl.SentenceParser- leap
2021-05-16 18:48:59 [main] INFO  epam.handlertask.parser.impl.SentenceParser- into
2021-05-16 18:48:59 [main] INFO  epam.handlertask.parser.impl.SentenceParser- 13<<2
