2021-05-06 16:52:10 [main] INFO  epam.handlertask.parser.impl.SentenceParser- It
2021-05-06 16:52:10 [main] INFO  epam.handlertask.parser.impl.SentenceParser- is
2021-05-06 16:52:10 [main] INFO  epam.handlertask.parser.impl.SentenceParser- a
2021-05-06 16:52:10 [main] INFO  epam.handlertask.parser.impl.SentenceParser- (7^5|1&2<<(2|5>>2&71))|1200
2021-05-06 16:52:10 [main] INFO  epam.handlertask.parser.impl.SentenceParser- established
2021-05-06 16:52:10 [main] INFO  epam.handlertask.parser.impl.SentenceParser- fact
2021-05-06 16:52:10 [main] INFO  epam.handlertask.parser.impl.SentenceParser- that
2021-05-06 16:52:10 [main] INFO  epam.handlertask.parser.impl.SentenceParser- a
2021-05-06 16:52:10 [main] INFO  epam.handlertask.parser.impl.SentenceParser- reader
2021-05-06 16:52:10 [main] INFO  epam.handlertask.parser.impl.SentenceParser- will
2021-05-06 16:52:10 [main] INFO  epam.handlertask.parser.impl.SentenceParser- be
2021-05-06 16:52:10 [main] INFO  epam.handlertask.parser.impl.SentenceParser- of
2021-05-06 16:52:10 [main] INFO  epam.handlertask.parser.impl.SentenceParser- a
2021-05-06 16:52:10 [main] INFO  epam.handlertask.parser.impl.SentenceParser- page
2021-05-06 16:52:10 [main] INFO  epam.handlertask.parser.impl.SentenceParser- when
2021-05-06 16:52:10 [main] INFO  epam.handlertask.parser.impl.SentenceParser- looking
2021-05-06 16:52:10 [main] INFO  epam.handlertask.parser.impl.SentenceParser- at
2021-05-06 16:52:10 [main] INFO  epam.handlertask.parser.impl.SentenceParser- its
2021-05-06 16:52:10 [main] INFO  epam.handlertask.parser.impl.SentenceParser- layout.
2021-05-06 16:52:10 [main] INFO  epam.handlertask.parser.impl.SentenceParser- Bye.
