2021-05-06 16:43:02 [main] INFO  epam.handlertask.parser.impl.SentenceParser- It
2021-05-06 16:43:02 [main] INFO  epam.handlertask.parser.impl.SentenceParser- was
2021-05-06 16:43:02 [main] INFO  epam.handlertask.parser.impl.SentenceParser- popularised
2021-05-06 16:43:02 [main] INFO  epam.handlertask.parser.impl.SentenceParser- in
2021-05-06 16:43:02 [main] INFO  epam.handlertask.parser.impl.SentenceParser- the
2021-05-06 16:43:02 [main] INFO  epam.handlertask.parser.impl.SentenceParser- “Динамо”
2021-05-06 16:43:02 [main] INFO  epam.handlertask.parser.impl.SentenceParser- (Рига)
2021-05-06 16:43:02 [main] INFO  epam.handlertask.parser.impl.SentenceParser- with
2021-05-06 16:43:02 [main] INFO  epam.handlertask.parser.impl.SentenceParser- the
2021-05-06 16:43:02 [main] INFO  epam.handlertask.parser.impl.SentenceParser- release
2021-05-06 16:43:02 [main] INFO  epam.handlertask.parser.impl.SentenceParser- of
2021-05-06 16:43:02 [main] INFO  epam.handlertask.parser.impl.SentenceParser- Letraset
2021-05-06 16:43:02 [main] INFO  epam.handlertask.parser.impl.SentenceParser- sheets.toString()
2021-05-06 16:43:02 [main] INFO  epam.handlertask.parser.impl.SentenceParser- containing
2021-05-06 16:43:02 [main] INFO  epam.handlertask.parser.impl.SentenceParser- Lorem
2021-05-06 16:43:02 [main] INFO  epam.handlertask.parser.impl.SentenceParser- Ipsum
2021-05-06 16:43:02 [main] INFO  epam.handlertask.parser.impl.SentenceParser- passages,
2021-05-06 16:43:02 [main] INFO  epam.handlertask.parser.impl.SentenceParser- and
2021-05-06 16:43:02 [main] INFO  epam.handlertask.parser.impl.SentenceParser- more
2021-05-06 16:43:02 [main] INFO  epam.handlertask.parser.impl.SentenceParser- recently
2021-05-06 16:43:02 [main] INFO  epam.handlertask.parser.impl.SentenceParser- with
2021-05-06 16:43:02 [main] INFO  epam.handlertask.parser.impl.SentenceParser- desktop
2021-05-06 16:43:02 [main] INFO  epam.handlertask.parser.impl.SentenceParser- publishing
2021-05-06 16:43:02 [main] INFO  epam.handlertask.parser.impl.SentenceParser- software
2021-05-06 16:43:02 [main] INFO  epam.handlertask.parser.impl.SentenceParser- like
2021-05-06 16:43:02 [main] INFO  epam.handlertask.parser.impl.SentenceParser- Aldus
2021-05-06 16:43:02 [main] INFO  epam.handlertask.parser.impl.SentenceParser- PageMaker
2021-05-06 16:43:02 [main] INFO  epam.handlertask.parser.impl.SentenceParser- Faclon9
2021-05-06 16:43:02 [main] INFO  epam.handlertask.parser.impl.SentenceParser- including
2021-05-06 16:43:02 [main] INFO  epam.handlertask.parser.impl.SentenceParser- versions
2021-05-06 16:43:02 [main] INFO  epam.handlertask.parser.impl.SentenceParser- of
2021-05-06 16:43:02 [main] INFO  epam.handlertask.parser.impl.SentenceParser- Lorem
2021-05-06 16:43:02 [main] INFO  epam.handlertask.parser.impl.SentenceParser- Ipsum!
2021-05-06 16:43:02 [main] INFO  epam.handlertask.parser.impl.TextParser-  It is a long a!=b established fact that a reader will be distracted by the readable content of a page when looking at its layout. The point of using Ipsum is that it has a more-or-less normal distribution ob.toString(a?b:c), as opposed to using (Content here), content here's, making it look like readable English? 
2021-05-06 16:43:02 [main] INFO  epam.handlertask.parser.impl.SentenceParser- It
2021-05-06 16:43:02 [main] INFO  epam.handlertask.parser.impl.SentenceParser- is
2021-05-06 16:43:02 [main] INFO  epam.handlertask.parser.impl.SentenceParser- a
2021-05-06 16:43:02 [main] INFO  epam.handlertask.parser.impl.SentenceParser- long
2021-05-06 16:43:02 [main] INFO  epam.handlertask.parser.impl.SentenceParser- a!=b
2021-05-06 16:43:02 [main] INFO  epam.handlertask.parser.impl.SentenceParser- established
2021-05-06 16:43:02 [main] INFO  epam.handlertask.parser.impl.SentenceParser- fact
2021-05-06 16:43:02 [main] INFO  epam.handlertask.parser.impl.SentenceParser- that
2021-05-06 16:43:02 [main] INFO  epam.handlertask.parser.impl.SentenceParser- a
2021-05-06 16:43:02 [main] INFO  epam.handlertask.parser.impl.SentenceParser- reader
2021-05-06 16:43:02 [main] INFO  epam.handlertask.parser.impl.SentenceParser- will
2021-05-06 16:43:02 [main] INFO  epam.handlertask.parser.impl.SentenceParser- be
2021-05-06 16:43:02 [main] INFO  epam.handlertask.parser.impl.SentenceParser- distracted
2021-05-06 16:43:02 [main] INFO  epam.handlertask.parser.impl.SentenceParser- by
2021-05-06 16:43:02 [main] INFO  epam.handlertask.parser.impl.SentenceParser- the
2021-05-06 16:43:02 [main] INFO  epam.handlertask.parser.impl.SentenceParser- readable
2021-05-06 16:43:02 [main] INFO  epam.handlertask.parser.impl.SentenceParser- content
2021-05-06 16:43:02 [main] INFO  epam.handlertask.parser.impl.SentenceParser- of
2021-05-06 16:43:02 [main] INFO  epam.handlertask.parser.impl.SentenceParser- a
2021-05-06 16:43:02 [main] INFO  epam.handlertask.parser.impl.SentenceParser- page
2021-05-06 16:43:02 [main] INFO  epam.handlertask.parser.impl.SentenceParser- when
2021-05-06 16:43:02 [main] INFO  epam.handlertask.parser.impl.SentenceParser- looking
2021-05-06 16:43:02 [main] INFO  epam.handlertask.parser.impl.SentenceParser- at
