2021-05-06 16:52:10 [main] INFO  epam.handlertask.parser.impl.SentenceParser- PageMaker
2021-05-06 16:52:10 [main] INFO  epam.handlertask.parser.impl.SentenceParser- including
2021-05-06 16:52:10 [main] INFO  epam.handlertask.parser.impl.SentenceParser- versions
2021-05-06 16:52:10 [main] INFO  epam.handlertask.parser.impl.SentenceParser- of
2021-05-06 16:52:10 [main] INFO  epam.handlertask.parser.impl.SentenceParser- Lorem
2021-05-06 16:52:10 [main] INFO  epam.handlertask.parser.impl.SentenceParser- Ipsum.
2021-05-06 16:52:10 [main] INFO  epam.handlertask.parser.impl.SentenceParser- It
2021-05-06 16:52:10 [main] INFO  epam.handlertask.parser.impl.SentenceParser- is
2021-05-06 16:52:10 [main] INFO  epam.handlertask.parser.impl.SentenceParser- a
2021-05-06 16:52:10 [main] INFO  epam.handlertask.parser.impl.SentenceParser- long
2021-05-06 16:52:10 [main] INFO  epam.handlertask.parser.impl.SentenceParser- established
2021-05-06 16:52:10 [main] INFO  epam.handlertask.parser.impl.SentenceParser- fact
2021-05-06 16:52:10 [main] INFO  epam.handlertask.parser.impl.SentenceParser- that
2021-05-06 16:52:10 [main] INFO  epam.handlertask.parser.impl.SentenceParser- a
2021-05-06 16:52:10 [main] INFO  epam.handlertask.parser.impl.SentenceParser- reader
2021-05-06 16:52:10 [main] INFO  epam.handlertask.parser.impl.SentenceParser- will
2021-05-06 16:52:10 [main] INFO  epam.handlertask.parser.impl.SentenceParser- be
2021-05-06 16:52:10 [main] INFO  epam.handlertask.parser.impl.SentenceParser- distracted
2021-05-06 16:52:10 [main] INFO  epam.handlertask.parser.impl.SentenceParser- by
2021-05-06 16:52:10 [main] INFO  epam.handlertask.parser.impl.SentenceParser- the
2021-05-06 16:52:10 [main] INFO  epam.handlertask.parser.impl.SentenceParser- readable
2021-05-06 16:52:10 [main] INFO  epam.handlertask.parser.impl.SentenceParser- content
2021-05-06 16:52:10 [main] INFO  epam.handlertask.parser.impl.SentenceParser- of
2021-05-06 16:52:10 [main] INFO  epam.handlertask.parser.impl.SentenceParser- a
2021-05-06 16:52:10 [main] INFO  epam.handlertask.parser.impl.SentenceParser- page
2021-05-06 16:52:10 [main] INFO  epam.handlertask.parser.impl.SentenceParser- when
2021-05-06 16:52:10 [main] INFO  epam.handlertask.parser.impl.SentenceParser- looking
2021-05-06 16:52:10 [main] INFO  epam.handlertask.parser.impl.SentenceParser- at
2021-05-06 16:52:10 [main] INFO  epam.handlertask.parser.impl.SentenceParser- its
2021-05-06 16:52:10 [main] INFO  epam.handlertask.parser.impl.SentenceParser- layout.
2021-05-06 16:52:10 [main] INFO  epam.handlertask.parser.impl.SentenceParser- The
2021-05-06 16:52:10 [main] INFO  epam.handlertask.parser.impl.SentenceParser- point
2021-05-06 16:52:10 [main] INFO  epam.handlertask.parser.impl.SentenceParser- of
2021-05-06 16:52:10 [main] INFO  epam.handlertask.parser.impl.SentenceParser- using
2021-05-06 16:52:10 [main] INFO  epam.handlertask.parser.impl.SentenceParser- (~71&(2&3|(3|(2&1>>2|2)&2)|10&2))|78
2021-05-06 16:52:10 [main] INFO  epam.handlertask.parser.impl.SentenceParser- Ipsum
2021-05-06 16:52:10 [main] INFO  epam.handlertask.parser.impl.SentenceParser- is
2021-05-06 16:52:10 [main] INFO  epam.handlertask.parser.impl.SentenceParser- that
2021-05-06 16:52:10 [main] INFO  epam.handlertask.parser.impl.SentenceParser- it
2021-05-06 16:52:10 [main] INFO  epam.handlertask.parser.impl.SentenceParser- has
2021-05-06 16:52:10 [main] INFO  epam.handlertask.parser.impl.SentenceParser- a
2021-05-06 16:52:10 [main] INFO  epam.handlertask.parser.impl.SentenceParser- more-or-less
2021-05-06 16:52:10 [main] INFO  epam.handlertask.parser.impl.SentenceParser- normal
2021-05-06 16:52:10 [main] INFO  epam.handlertask.parser.impl.SentenceParser- distribution
2021-05-06 16:52:10 [main] INFO  epam.handlertask.parser.impl.SentenceParser- of
2021-05-06 16:52:10 [main] INFO  epam.handlertask.parser.impl.SentenceParser- letters,
2021-05-06 16:52:10 [main] INFO  epam.handlertask.parser.impl.SentenceParser- as
2021-05-06 16:52:10 [main] INFO  epam.handlertask.parser.impl.SentenceParser- opposed
2021-05-06 16:52:10 [main] INFO  epam.handlertask.parser.impl.SentenceParser- to
2021-05-06 16:52:10 [main] INFO  epam.handlertask.parser.impl.SentenceParser- using
2021-05-06 16:52:10 [main] INFO  epam.handlertask.parser.impl.SentenceParser- (Content
2021-05-06 16:52:10 [main] INFO  epam.handlertask.parser.impl.SentenceParser- here),
2021-05-06 16:52:10 [main] INFO  epam.handlertask.parser.impl.SentenceParser- content
2021-05-06 16:52:10 [main] INFO  epam.handlertask.parser.impl.SentenceParser- here',
2021-05-06 16:52:10 [main] INFO  epam.handlertask.parser.impl.SentenceParser- making
2021-05-06 16:52:10 [main] INFO  epam.handlertask.parser.impl.SentenceParser- it
2021-05-06 16:52:10 [main] INFO  epam.handlertask.parser.impl.SentenceParser- look
2021-05-06 16:52:10 [main] INFO  epam.handlertask.parser.impl.SentenceParser- like
2021-05-06 16:52:10 [main] INFO  epam.handlertask.parser.impl.SentenceParser- readable
2021-05-06 16:52:10 [main] INFO  epam.handlertask.parser.impl.SentenceParser- English.
