2021-05-06 16:43:02 [main] INFO  epam.handlertask.parser.impl.SentenceParser- its
2021-05-06 16:43:02 [main] INFO  epam.handlertask.parser.impl.SentenceParser- layout.
2021-05-06 16:43:02 [main] INFO  epam.handlertask.parser.impl.SentenceParser- The
2021-05-06 16:43:02 [main] INFO  epam.handlertask.parser.impl.SentenceParser- point
2021-05-06 16:43:02 [main] INFO  epam.handlertask.parser.impl.SentenceParser- of
2021-05-06 16:43:02 [main] INFO  epam.handlertask.parser.impl.SentenceParser- using
2021-05-06 16:43:02 [main] INFO  epam.handlertask.parser.impl.SentenceParser- Ipsum
2021-05-06 16:43:02 [main] INFO  epam.handlertask.parser.impl.SentenceParser- is
2021-05-06 16:43:02 [main] INFO  epam.handlertask.parser.impl.SentenceParser- that
2021-05-06 16:43:02 [main] INFO  epam.handlertask.parser.impl.SentenceParser- it
2021-05-06 16:43:02 [main] INFO  epam.handlertask.parser.impl.SentenceParser- has
2021-05-06 16:43:02 [main] INFO  epam.handlertask.parser.impl.SentenceParser- a
2021-05-06 16:43:02 [main] INFO  epam.handlertask.parser.impl.SentenceParser- more-or-less
2021-05-06 16:43:02 [main] INFO  epam.handlertask.parser.impl.SentenceParser- normal
2021-05-06 16:43:02 [main] INFO  epam.handlertask.parser.impl.SentenceParser- distribution
2021-05-06 16:43:02 [main] INFO  epam.handlertask.parser.impl.SentenceParser- ob.toString(a?b:c),
2021-05-06 16:43:02 [main] INFO  epam.handlertask.parser.impl.SentenceParser- as
2021-05-06 16:43:02 [main] INFO  epam.handlertask.parser.impl.SentenceParser- opposed
2021-05-06 16:43:02 [main] INFO  epam.handlertask.parser.impl.SentenceParser- to
2021-05-06 16:43:02 [main] INFO  epam.handlertask.parser.impl.SentenceParser- using
2021-05-06 16:43:02 [main] INFO  epam.handlertask.parser.impl.SentenceParser- (Content
2021-05-06 16:43:02 [main] INFO  epam.handlertask.parser.impl.SentenceParser- here),
2021-05-06 16:43:02 [main] INFO  epam.handlertask.parser.impl.SentenceParser- content
2021-05-06 16:43:02 [main] INFO  epam.handlertask.parser.impl.SentenceParser- here's,
2021-05-06 16:43:02 [main] INFO  epam.handlertask.parser.impl.SentenceParser- making
2021-05-06 16:43:02 [main] INFO  epam.handlertask.parser.impl.SentenceParser- it
2021-05-06 16:43:02 [main] INFO  epam.handlertask.parser.impl.SentenceParser- look
2021-05-06 16:43:02 [main] INFO  epam.handlertask.parser.impl.SentenceParser- like
2021-05-06 16:43:02 [main] INFO  epam.handlertask.parser.impl.SentenceParser- readable
2021-05-06 16:43:02 [main] INFO  epam.handlertask.parser.impl.SentenceParser- English?
2021-05-06 16:43:02 [main] INFO  epam.handlertask.parser.impl.TextParser-  It is a established fact that a reader will be of a page when looking at its layout... 
2021-05-06 16:43:02 [main] INFO  epam.handlertask.parser.impl.SentenceParser- It
2021-05-06 16:43:02 [main] INFO  epam.handlertask.parser.impl.SentenceParser- is
2021-05-06 16:43:02 [main] INFO  epam.handlertask.parser.impl.SentenceParser- a
2021-05-06 16:43:02 [main] INFO  epam.handlertask.parser.impl.SentenceParser- established
2021-05-06 16:43:02 [main] INFO  epam.handlertask.parser.impl.SentenceParser- fact
2021-05-06 16:43:02 [main] INFO  epam.handlertask.parser.impl.SentenceParser- that
2021-05-06 16:43:02 [main] INFO  epam.handlertask.parser.impl.SentenceParser- a
2021-05-06 16:43:02 [main] INFO  epam.handlertask.parser.impl.SentenceParser- reader
2021-05-06 16:43:02 [main] INFO  epam.handlertask.parser.impl.SentenceParser- will
2021-05-06 16:43:02 [main] INFO  epam.handlertask.parser.impl.SentenceParser- be
2021-05-06 16:43:02 [main] INFO  epam.handlertask.parser.impl.SentenceParser- of
2021-05-06 16:43:02 [main] INFO  epam.handlertask.parser.impl.SentenceParser- a
2021-05-06 16:43:02 [main] INFO  epam.handlertask.parser.impl.SentenceParser- page
2021-05-06 16:43:02 [main] INFO  epam.handlertask.parser.impl.SentenceParser- when
2021-05-06 16:43:02 [main] INFO  epam.handlertask.parser.impl.SentenceParser- looking
2021-05-06 16:43:02 [main] INFO  epam.handlertask.parser.impl.SentenceParser- at
2021-05-06 16:43:02 [main] INFO  epam.handlertask.parser.impl.SentenceParser- its
2021-05-06 16:43:02 [main] INFO  epam.handlertask.parser.impl.SentenceParser- layout...
2021-05-06 16:43:02 [main] INFO  epam.handlertask.parser.impl.TextParser-  Bye бандерлоги. 
2021-05-06 16:43:02 [main] INFO  epam.handlertask.parser.impl.SentenceParser- Bye
2021-05-06 16:43:02 [main] INFO  epam.handlertask.parser.impl.SentenceParser- бандерлоги.
2021-05-06 16:43:54 [main] INFO  epam.handlertask.reader.impl.TextReaderImpl- In readFromFile() : File are reading...
2021-05-06 16:43:54 [main] INFO  epam.handlertask.parser.impl.TextParser-  It has survived - not only (five) centuries, but also the leap into electronic typesetting, remaining essentially unchanged. It was popularised in the “Динамо” (Рига) with the release of Letraset sheets.toString() containing Lorem Ipsum passages, and more recently with desktop publishing software like Aldus PageMaker Faclon9 including versions of Lorem Ipsum! 
2021-05-06 16:43:54 [main] INFO  epam.handlertask.parser.impl.LexemeParser- -
