2021-05-06 01:12:02 [main] INFO  epam.handlertask.reader.impl.TextReaderImpl- IN readFromFile() : File are reading...
2021-05-06 01:12:02 [main] ERROR epam.handlertask.reader.impl.TextReaderImpl- Wrong filepath: test/java/resources/input.txt
2021-05-06 01:12:54 [main] INFO  epam.handlertask.reader.impl.TextReaderImpl- IN readFromFile() : File are reading...
2021-05-06 01:12:54 [main] ERROR epam.handlertask.reader.impl.TextReaderImpl- Wrong filepath: src/test/java/resources/input.txt
2021-05-06 01:13:31 [main] INFO  epam.handlertask.reader.impl.TextReaderImpl- IN readFromFile() : File are reading...
2021-05-06 01:14:20 [main] INFO  epam.handlertask.reader.impl.TextReaderImpl- IN readFromFile() : File are reading...
2021-05-06 01:14:20 [main] INFO  org.epam.handlertask.parser.ParserTest- It has survived - not only (five) centuries, but also the leap into electronic
typesetting, remaining essentially unchanged. It was popularised in the “Динамо” (Рига)
with the release of Letraset sheets.toString() containing Lorem Ipsum passages, and
more recently with desktop publishing software like Aldus PageMaker Faclon9 including
versions of Lorem Ipsum!
It is a long a!=b established fact that a reader will be distracted by the readable
content of a page when looking at its layout. The point of using Ipsum is that it has a
more-or-less normal distribution ob.toString(a?b:c), as opposed to using (Content here),
content here's, making it look like readable English?
It is a established fact that a reader will be of a page when looking at its layout...
2021-05-06 01:18:18 [main] INFO  epam.handlertask.reader.impl.TextReaderImpl- In readFromFile() : File are reading...
2021-05-06 01:18:18 [main] INFO  org.epam.handlertask.parser.ParserTest-     It has survived - not only (five) centuries, but also the leap into electronic
typesetting, remaining essentially unchanged. It was popularised in the “Динамо” (Рига)
with the release of Letraset sheets.toString() containing Lorem Ipsum passages, and
more recently with desktop publishing software like Aldus PageMaker Faclon9 including
versions of Lorem Ipsum!
    It is a long a!=b established fact that a reader will be distracted by the readable
content of a page when looking at its layout. The point of using Ipsum is that it has a
more-or-less normal distribution ob.toString(a?b:c), as opposed to using (Content here),
content here's, making it look like readable English?
    It is a established fact that a reader will be of a page when looking at its layout...

2021-05-06 01:21:34 [main] INFO  epam.handlertask.reader.impl.TextReaderImpl- In readFromFile() : File are reading...
2021-05-06 01:42:57 [main] INFO  epam.handlertask.reader.impl.TextReaderImpl- In readFromFile() : File are reading...
2021-05-06 01:43:12 [main] INFO  epam.handlertask.reader.impl.TextReaderImpl- In readFromFile() : File are reading...
2021-05-06 01:43:47 [main] INFO  epam.handlertask.reader.impl.TextReaderImpl- In readFromFile() : File are reading...
2021-05-06 01:47:26 [main] INFO  epam.handlertask.reader.impl.TextReaderImpl- In readFromFile() : File are reading...
2021-05-06 01:49:21 [main] INFO  epam.handlertask.reader.impl.TextReaderImpl- In readFromFile() : File are reading...
2021-05-06 01:56:23 [main] INFO  epam.handlertask.reader.impl.TextReaderImpl- In readFromFile() : File are reading...
2021-05-06 01:58:15 [main] INFO  epam.handlertask.reader.impl.TextReaderImpl- In readFromFile() : File are reading...
2021-05-06 01:58:40 [main] INFO  epam.handlertask.reader.impl.TextReaderImpl- In readFromFile() : File are reading...
2021-05-06 02:00:42 [main] INFO  epam.handlertask.reader.impl.TextReaderImpl- In readFromFile() : File are reading...
2021-05-06 02:10:07 [main] INFO  epam.handlertask.reader.impl.TextReaderImpl- In readFromFile() : File are reading...
2021-05-06 02:12:34 [main] INFO  epam.handlertask.reader.impl.TextReaderImpl- In readFromFile() : File are reading...
2021-05-06 02:12:58 [main] INFO  epam.handlertask.reader.impl.TextReaderImpl- In readFromFile() : File are reading...
2021-05-06 02:13:46 [main] INFO  epam.handlertask.reader.impl.TextReaderImpl- In readFromFile() : File are reading...
2021-05-06 02:13:46 [main] INFO  epam.handlertask.parser.impl.TextParser- 
2021-05-06 02:13:46 [main] INFO  epam.handlertask.parser.impl.TextParser- It has survived - not only (five) centuries, but also the leap into electronic
typesetting, remaining essentially unchanged. It was popularised in the “Динамо” (Рига)
with the release of Letraset sheets.toString() containing Lorem Ipsum passages, and
more recently with desktop publishing software like Aldus PageMaker Faclon9 including
versions of Lorem Ipsum!

2021-05-06 02:13:46 [main] INFO  epam.handlertask.parser.impl.TextParser- It is a long a!=b established fact that a reader will be distracted by the readable
content of a page when looking at its layout. The point of using Ipsum is that it has a
more-or-less normal distribution ob.toString(a?b:c), as opposed to using (Content here),
content here's, making it look like readable English?

