2021-05-06 16:39:56 [main] INFO  epam.handlertask.parser.impl.TextParser-  It is a established fact that a reader will be of a page when looking at its layout... 
2021-05-06 16:39:56 [main] INFO  epam.handlertask.parser.impl.ParagraphParser-  It is a established fact that a reader will be of a page when looking at its layout... 
2021-05-06 16:39:56 [main] INFO  epam.handlertask.parser.impl.TextParser-  Bye бандерлоги. 
2021-05-06 16:39:56 [main] INFO  epam.handlertask.parser.impl.ParagraphParser-  Bye бандерлоги. 
2021-05-06 16:41:51 [main] INFO  epam.handlertask.reader.impl.TextReaderImpl- In readFromFile() : File are reading...
2021-05-06 16:41:51 [main] INFO  epam.handlertask.parser.impl.TextParser-  It has survived - not only (five) centuries, but also the leap into electronic typesetting, remaining essentially unchanged. It was popularised in the “Динамо” (Рига) with the release of Letraset sheets.toString() containing Lorem Ipsum passages, and more recently with desktop publishing software like Aldus PageMaker Faclon9 including versions of Lorem Ipsum! 
2021-05-06 16:41:51 [main] INFO  epam.handlertask.parser.impl.ParagraphParser-  It has survived - not only (five) centuries, but also the leap into electronic typesetting, remaining essentially unchanged. 
2021-05-06 16:41:51 [main] INFO  epam.handlertask.parser.impl.ParagraphParser- It was popularised in the “Динамо” (Рига) with the release of Letraset sheets.toString() containing Lorem Ipsum passages, and more recently with desktop publishing software like Aldus PageMaker Faclon9 including versions of Lorem Ipsum! 
2021-05-06 16:41:51 [main] INFO  epam.handlertask.parser.impl.TextParser-  It is a long a!=b established fact that a reader will be distracted by the readable content of a page when looking at its layout. The point of using Ipsum is that it has a more-or-less normal distribution ob.toString(a?b:c), as opposed to using (Content here), content here's, making it look like readable English? 
2021-05-06 16:41:51 [main] INFO  epam.handlertask.parser.impl.ParagraphParser-  It is a long a!=b established fact that a reader will be distracted by the readable content of a page when looking at its layout. 
2021-05-06 16:41:51 [main] INFO  epam.handlertask.parser.impl.ParagraphParser- The point of using Ipsum is that it has a more-or-less normal distribution ob.toString(a?b:c), as opposed to using (Content here), content here's, making it look like readable English? 
2021-05-06 16:41:51 [main] INFO  epam.handlertask.parser.impl.TextParser-  It is a established fact that a reader will be of a page when looking at its layout... 
2021-05-06 16:41:51 [main] INFO  epam.handlertask.parser.impl.ParagraphParser-  It is a established fact that a reader will be of a page when looking at its layout... 
2021-05-06 16:41:51 [main] INFO  epam.handlertask.parser.impl.TextParser-  Bye бандерлоги. 
2021-05-06 16:41:51 [main] INFO  epam.handlertask.parser.impl.ParagraphParser-  Bye бандерлоги. 
2021-05-06 16:43:02 [main] INFO  epam.handlertask.reader.impl.TextReaderImpl- In readFromFile() : File are reading...
2021-05-06 16:43:02 [main] INFO  epam.handlertask.parser.impl.TextParser-  It has survived - not only (five) centuries, but also the leap into electronic typesetting, remaining essentially unchanged. It was popularised in the “Динамо” (Рига) with the release of Letraset sheets.toString() containing Lorem Ipsum passages, and more recently with desktop publishing software like Aldus PageMaker Faclon9 including versions of Lorem Ipsum! 
2021-05-06 16:43:02 [main] INFO  epam.handlertask.parser.impl.SentenceParser- It
2021-05-06 16:43:02 [main] INFO  epam.handlertask.parser.impl.SentenceParser- has
2021-05-06 16:43:02 [main] INFO  epam.handlertask.parser.impl.SentenceParser- survived
2021-05-06 16:43:02 [main] INFO  epam.handlertask.parser.impl.SentenceParser- -
2021-05-06 16:43:02 [main] INFO  epam.handlertask.parser.impl.SentenceParser- not
2021-05-06 16:43:02 [main] INFO  epam.handlertask.parser.impl.SentenceParser- only
2021-05-06 16:43:02 [main] INFO  epam.handlertask.parser.impl.SentenceParser- (five)
2021-05-06 16:43:02 [main] INFO  epam.handlertask.parser.impl.SentenceParser- centuries,
2021-05-06 16:43:02 [main] INFO  epam.handlertask.parser.impl.SentenceParser- but
2021-05-06 16:43:02 [main] INFO  epam.handlertask.parser.impl.SentenceParser- also
2021-05-06 16:43:02 [main] INFO  epam.handlertask.parser.impl.SentenceParser- the
2021-05-06 16:43:02 [main] INFO  epam.handlertask.parser.impl.SentenceParser- leap
2021-05-06 16:43:02 [main] INFO  epam.handlertask.parser.impl.SentenceParser- into
2021-05-06 16:43:02 [main] INFO  epam.handlertask.parser.impl.SentenceParser- electronic
2021-05-06 16:43:02 [main] INFO  epam.handlertask.parser.impl.SentenceParser- typesetting,
2021-05-06 16:43:02 [main] INFO  epam.handlertask.parser.impl.SentenceParser- remaining
2021-05-06 16:43:02 [main] INFO  epam.handlertask.parser.impl.SentenceParser- essentially
2021-05-06 16:43:02 [main] INFO  epam.handlertask.parser.impl.SentenceParser- unchanged.
