2021-05-06 16:48:00 [main] INFO  epam.handlertask.parser.impl.LexemeParser- a
2021-05-06 16:48:00 [main] INFO  epam.handlertask.parser.impl.LexemeParser- reader
2021-05-06 16:48:00 [main] INFO  epam.handlertask.parser.impl.LexemeParser- will
2021-05-06 16:48:00 [main] INFO  epam.handlertask.parser.impl.LexemeParser- be
2021-05-06 16:48:00 [main] INFO  epam.handlertask.parser.impl.LexemeParser- of
2021-05-06 16:48:00 [main] INFO  epam.handlertask.parser.impl.LexemeParser- a
2021-05-06 16:48:00 [main] INFO  epam.handlertask.parser.impl.LexemeParser- page
2021-05-06 16:48:00 [main] INFO  epam.handlertask.parser.impl.LexemeParser- when
2021-05-06 16:48:00 [main] INFO  epam.handlertask.parser.impl.LexemeParser- looking
2021-05-06 16:48:00 [main] INFO  epam.handlertask.parser.impl.LexemeParser- at
2021-05-06 16:48:00 [main] INFO  epam.handlertask.parser.impl.LexemeParser- its
2021-05-06 16:48:00 [main] INFO  epam.handlertask.parser.impl.LexemeParser- layout
2021-05-06 16:48:00 [main] INFO  epam.handlertask.parser.impl.LexemeParser- Bye
2021-05-06 16:52:10 [main] INFO  epam.handlertask.reader.impl.TextReaderImpl- In readFromFile() : File are reading...
2021-05-06 16:52:10 [main] INFO  epam.handlertask.parser.impl.SentenceParser- It
2021-05-06 16:52:10 [main] INFO  epam.handlertask.parser.impl.SentenceParser- has
2021-05-06 16:52:10 [main] INFO  epam.handlertask.parser.impl.SentenceParser- survived
2021-05-06 16:52:10 [main] INFO  epam.handlertask.parser.impl.SentenceParser- -
2021-05-06 16:52:10 [main] INFO  epam.handlertask.parser.impl.SentenceParser- not
2021-05-06 16:52:10 [main] INFO  epam.handlertask.parser.impl.SentenceParser- only
2021-05-06 16:52:10 [main] INFO  epam.handlertask.parser.impl.SentenceParser- (five)
2021-05-06 16:52:10 [main] INFO  epam.handlertask.parser.impl.SentenceParser- centuries,
2021-05-06 16:52:10 [main] INFO  epam.handlertask.parser.impl.SentenceParser- but
2021-05-06 16:52:10 [main] INFO  epam.handlertask.parser.impl.SentenceParser- also
2021-05-06 16:52:10 [main] INFO  epam.handlertask.parser.impl.SentenceParser- the
2021-05-06 16:52:10 [main] INFO  epam.handlertask.parser.impl.SentenceParser- leap
2021-05-06 16:52:10 [main] INFO  epam.handlertask.parser.impl.SentenceParser- into
2021-05-06 16:52:10 [main] INFO  epam.handlertask.parser.impl.SentenceParser- 13<<2
2021-05-06 16:52:10 [main] INFO  epam.handlertask.parser.impl.SentenceParser- electronic
2021-05-06 16:52:10 [main] INFO  epam.handlertask.parser.impl.SentenceParser- typesetting,
2021-05-06 16:52:10 [main] INFO  epam.handlertask.parser.impl.SentenceParser- remaining
2021-05-06 16:52:10 [main] INFO  epam.handlertask.parser.impl.SentenceParser- 3>>5
2021-05-06 16:52:10 [main] INFO  epam.handlertask.parser.impl.SentenceParser- essentially
2021-05-06 16:52:10 [main] INFO  epam.handlertask.parser.impl.SentenceParser- ~6&9|(3&4)
2021-05-06 16:52:10 [main] INFO  epam.handlertask.parser.impl.SentenceParser- unchanged.
2021-05-06 16:52:10 [main] INFO  epam.handlertask.parser.impl.SentenceParser- It
2021-05-06 16:52:10 [main] INFO  epam.handlertask.parser.impl.SentenceParser- was
2021-05-06 16:52:10 [main] INFO  epam.handlertask.parser.impl.SentenceParser- popularised
2021-05-06 16:52:10 [main] INFO  epam.handlertask.parser.impl.SentenceParser- in
2021-05-06 16:52:10 [main] INFO  epam.handlertask.parser.impl.SentenceParser- the
2021-05-06 16:52:10 [main] INFO  epam.handlertask.parser.impl.SentenceParser- 5|(1&2&(3|(4&(1^5|6&47)|3)|(~89&4|(42&7)))|1)
2021-05-06 16:52:10 [main] INFO  epam.handlertask.parser.impl.SentenceParser- with
2021-05-06 16:52:10 [main] INFO  epam.handlertask.parser.impl.SentenceParser- the
2021-05-06 16:52:10 [main] INFO  epam.handlertask.parser.impl.SentenceParser- release
2021-05-06 16:52:10 [main] INFO  epam.handlertask.parser.impl.SentenceParser- of
2021-05-06 16:52:10 [main] INFO  epam.handlertask.parser.impl.SentenceParser- Letraset
2021-05-06 16:52:10 [main] INFO  epam.handlertask.parser.impl.SentenceParser- sheets
2021-05-06 16:52:10 [main] INFO  epam.handlertask.parser.impl.SentenceParser- containing
2021-05-06 16:52:10 [main] INFO  epam.handlertask.parser.impl.SentenceParser- Lorem
2021-05-06 16:52:10 [main] INFO  epam.handlertask.parser.impl.SentenceParser- Ipsum
2021-05-06 16:52:10 [main] INFO  epam.handlertask.parser.impl.SentenceParser- passages,
2021-05-06 16:52:10 [main] INFO  epam.handlertask.parser.impl.SentenceParser- and
2021-05-06 16:52:10 [main] INFO  epam.handlertask.parser.impl.SentenceParser- more
2021-05-06 16:52:10 [main] INFO  epam.handlertask.parser.impl.SentenceParser- recently
2021-05-06 16:52:10 [main] INFO  epam.handlertask.parser.impl.SentenceParser- with
2021-05-06 16:52:10 [main] INFO  epam.handlertask.parser.impl.SentenceParser- desktop
2021-05-06 16:52:10 [main] INFO  epam.handlertask.parser.impl.SentenceParser- publishing
2021-05-06 16:52:10 [main] INFO  epam.handlertask.parser.impl.SentenceParser- software
2021-05-06 16:52:10 [main] INFO  epam.handlertask.parser.impl.SentenceParser- like
2021-05-06 16:52:10 [main] INFO  epam.handlertask.parser.impl.SentenceParser- Aldus
