2021-05-06 02:25:39 [main] INFO  epam.handlertask.parser.impl.SentenceParser- into
2021-05-06 02:25:39 [main] INFO  epam.handlertask.parser.impl.LexemeParser- into
2021-05-06 02:25:39 [main] INFO  epam.handlertask.parser.impl.SentenceParser- electronic
2021-05-06 02:25:39 [main] INFO  epam.handlertask.parser.impl.LexemeParser- electronic
2021-05-06 02:25:39 [main] INFO  epam.handlertask.parser.impl.SentenceParser- typesetting,
2021-05-06 02:25:39 [main] INFO  epam.handlertask.parser.impl.LexemeParser- typesetting
2021-05-06 02:25:39 [main] INFO  epam.handlertask.parser.impl.SentenceParser- remaining
2021-05-06 02:25:39 [main] INFO  epam.handlertask.parser.impl.LexemeParser- remaining
2021-05-06 02:25:39 [main] INFO  epam.handlertask.parser.impl.SentenceParser- essentially
2021-05-06 02:25:39 [main] INFO  epam.handlertask.parser.impl.LexemeParser- essentially
2021-05-06 02:25:39 [main] INFO  epam.handlertask.parser.impl.SentenceParser- unchanged.
2021-05-06 02:25:39 [main] INFO  epam.handlertask.parser.impl.LexemeParser- unchanged
2021-05-06 02:25:39 [main] INFO  epam.handlertask.parser.impl.SentenceParser- It
2021-05-06 02:25:39 [main] INFO  epam.handlertask.parser.impl.LexemeParser- It
2021-05-06 02:25:39 [main] INFO  epam.handlertask.parser.impl.SentenceParser- was
2021-05-06 02:25:39 [main] INFO  epam.handlertask.parser.impl.LexemeParser- was
2021-05-06 02:25:39 [main] INFO  epam.handlertask.parser.impl.SentenceParser- popularised
2021-05-06 02:25:39 [main] INFO  epam.handlertask.parser.impl.LexemeParser- popularised
2021-05-06 02:25:39 [main] INFO  epam.handlertask.parser.impl.SentenceParser- in
2021-05-06 02:25:39 [main] INFO  epam.handlertask.parser.impl.LexemeParser- in
2021-05-06 02:25:39 [main] INFO  epam.handlertask.parser.impl.SentenceParser- the
2021-05-06 02:25:39 [main] INFO  epam.handlertask.parser.impl.LexemeParser- the
2021-05-06 02:25:39 [main] INFO  epam.handlertask.parser.impl.SentenceParser- “Динамо”
2021-05-06 02:25:39 [main] INFO  epam.handlertask.parser.impl.SentenceParser- (Рига)
2021-05-06 02:25:39 [main] INFO  epam.handlertask.parser.impl.SentenceParser- with
2021-05-06 02:25:39 [main] INFO  epam.handlertask.parser.impl.LexemeParser- with
2021-05-06 02:25:39 [main] INFO  epam.handlertask.parser.impl.SentenceParser- the
2021-05-06 02:25:39 [main] INFO  epam.handlertask.parser.impl.LexemeParser- the
2021-05-06 02:25:39 [main] INFO  epam.handlertask.parser.impl.SentenceParser- release
2021-05-06 02:25:39 [main] INFO  epam.handlertask.parser.impl.LexemeParser- release
2021-05-06 02:25:39 [main] INFO  epam.handlertask.parser.impl.SentenceParser- of
2021-05-06 02:25:39 [main] INFO  epam.handlertask.parser.impl.LexemeParser- of
2021-05-06 02:25:39 [main] INFO  epam.handlertask.parser.impl.SentenceParser- Letraset
2021-05-06 02:25:39 [main] INFO  epam.handlertask.parser.impl.LexemeParser- Letraset
2021-05-06 02:25:39 [main] INFO  epam.handlertask.parser.impl.SentenceParser- sheets.
2021-05-06 02:25:39 [main] INFO  epam.handlertask.parser.impl.LexemeParser- sheets
2021-05-06 02:25:39 [main] INFO  epam.handlertask.parser.impl.SentenceParser- toString()
2021-05-06 02:25:39 [main] INFO  epam.handlertask.parser.impl.LexemeParser- toString
2021-05-06 02:25:39 [main] INFO  epam.handlertask.parser.impl.SentenceParser- containing
2021-05-06 02:25:39 [main] INFO  epam.handlertask.parser.impl.LexemeParser- containing
2021-05-06 02:25:39 [main] INFO  epam.handlertask.parser.impl.SentenceParser- Lorem
2021-05-06 02:25:39 [main] INFO  epam.handlertask.parser.impl.LexemeParser- Lorem
2021-05-06 02:25:39 [main] INFO  epam.handlertask.parser.impl.SentenceParser- Ipsum
2021-05-06 02:25:39 [main] INFO  epam.handlertask.parser.impl.LexemeParser- Ipsum
2021-05-06 02:25:39 [main] INFO  epam.handlertask.parser.impl.SentenceParser- passages,
2021-05-06 02:25:39 [main] INFO  epam.handlertask.parser.impl.LexemeParser- passages
2021-05-06 02:25:39 [main] INFO  epam.handlertask.parser.impl.SentenceParser- and
2021-05-06 02:25:39 [main] INFO  epam.handlertask.parser.impl.LexemeParser- and
2021-05-06 02:25:39 [main] INFO  epam.handlertask.parser.impl.SentenceParser- more
2021-05-06 02:25:39 [main] INFO  epam.handlertask.parser.impl.LexemeParser- more
2021-05-06 02:25:39 [main] INFO  epam.handlertask.parser.impl.SentenceParser- recently
2021-05-06 02:25:39 [main] INFO  epam.handlertask.parser.impl.LexemeParser- recently
2021-05-06 02:25:39 [main] INFO  epam.handlertask.parser.impl.SentenceParser- with
2021-05-06 02:25:39 [main] INFO  epam.handlertask.parser.impl.LexemeParser- with
2021-05-06 02:25:39 [main] INFO  epam.handlertask.parser.impl.SentenceParser- desktop
2021-05-06 02:25:39 [main] INFO  epam.handlertask.parser.impl.LexemeParser- desktop
2021-05-06 02:25:39 [main] INFO  epam.handlertask.parser.impl.SentenceParser- publishing
2021-05-06 02:25:39 [main] INFO  epam.handlertask.parser.impl.LexemeParser- publishing
2021-05-06 02:25:39 [main] INFO  epam.handlertask.parser.impl.SentenceParser- software
2021-05-06 02:25:39 [main] INFO  epam.handlertask.parser.impl.LexemeParser- software
