2021-05-06 02:25:39 [main] INFO  epam.handlertask.parser.impl.SentenceParser- looking
2021-05-06 02:25:39 [main] INFO  epam.handlertask.parser.impl.LexemeParser- looking
2021-05-06 02:25:39 [main] INFO  epam.handlertask.parser.impl.SentenceParser- at
2021-05-06 02:25:39 [main] INFO  epam.handlertask.parser.impl.LexemeParser- at
2021-05-06 02:25:39 [main] INFO  epam.handlertask.parser.impl.SentenceParser- its
2021-05-06 02:25:39 [main] INFO  epam.handlertask.parser.impl.LexemeParser- its
2021-05-06 02:25:39 [main] INFO  epam.handlertask.parser.impl.SentenceParser- layout.
2021-05-06 02:25:39 [main] INFO  epam.handlertask.parser.impl.LexemeParser- layout
2021-05-06 02:25:39 [main] INFO  epam.handlertask.parser.impl.SentenceParser- The
2021-05-06 02:25:39 [main] INFO  epam.handlertask.parser.impl.LexemeParser- The
2021-05-06 02:25:39 [main] INFO  epam.handlertask.parser.impl.SentenceParser- point
2021-05-06 02:25:39 [main] INFO  epam.handlertask.parser.impl.LexemeParser- point
2021-05-06 02:25:39 [main] INFO  epam.handlertask.parser.impl.SentenceParser- of
2021-05-06 02:25:39 [main] INFO  epam.handlertask.parser.impl.LexemeParser- of
2021-05-06 02:25:39 [main] INFO  epam.handlertask.parser.impl.SentenceParser- using
2021-05-06 02:25:39 [main] INFO  epam.handlertask.parser.impl.LexemeParser- using
2021-05-06 02:25:39 [main] INFO  epam.handlertask.parser.impl.SentenceParser- Ipsum
2021-05-06 02:25:39 [main] INFO  epam.handlertask.parser.impl.LexemeParser- Ipsum
2021-05-06 02:25:39 [main] INFO  epam.handlertask.parser.impl.SentenceParser- is
2021-05-06 02:25:39 [main] INFO  epam.handlertask.parser.impl.LexemeParser- is
2021-05-06 02:25:39 [main] INFO  epam.handlertask.parser.impl.SentenceParser- that
2021-05-06 02:25:39 [main] INFO  epam.handlertask.parser.impl.LexemeParser- that
2021-05-06 02:25:39 [main] INFO  epam.handlertask.parser.impl.SentenceParser- it
2021-05-06 02:25:39 [main] INFO  epam.handlertask.parser.impl.LexemeParser- it
2021-05-06 02:25:39 [main] INFO  epam.handlertask.parser.impl.SentenceParser- has
2021-05-06 02:25:39 [main] INFO  epam.handlertask.parser.impl.LexemeParser- has
2021-05-06 02:25:39 [main] INFO  epam.handlertask.parser.impl.SentenceParser- a
2021-05-06 02:25:39 [main] INFO  epam.handlertask.parser.impl.LexemeParser- a
2021-05-06 02:25:39 [main] INFO  epam.handlertask.parser.impl.SentenceParser- more-or-less
2021-05-06 02:25:39 [main] INFO  epam.handlertask.parser.impl.LexemeParser- more
2021-05-06 02:25:39 [main] INFO  epam.handlertask.parser.impl.LexemeParser- or
2021-05-06 02:25:39 [main] INFO  epam.handlertask.parser.impl.LexemeParser- less
2021-05-06 02:25:39 [main] INFO  epam.handlertask.parser.impl.SentenceParser- normal
2021-05-06 02:25:39 [main] INFO  epam.handlertask.parser.impl.LexemeParser- normal
2021-05-06 02:25:39 [main] INFO  epam.handlertask.parser.impl.SentenceParser- distribution
2021-05-06 02:25:39 [main] INFO  epam.handlertask.parser.impl.LexemeParser- distribution
2021-05-06 02:25:39 [main] INFO  epam.handlertask.parser.impl.SentenceParser- ob.
2021-05-06 02:25:39 [main] INFO  epam.handlertask.parser.impl.LexemeParser- ob
2021-05-06 02:25:39 [main] INFO  epam.handlertask.parser.impl.SentenceParser- toString(a?
2021-05-06 02:25:39 [main] INFO  epam.handlertask.parser.impl.LexemeParser- toString
2021-05-06 02:25:39 [main] INFO  epam.handlertask.parser.impl.LexemeParser- a
2021-05-06 02:25:39 [main] INFO  epam.handlertask.parser.impl.SentenceParser- b:c),
2021-05-06 02:25:39 [main] INFO  epam.handlertask.parser.impl.LexemeParser- b
2021-05-06 02:25:39 [main] INFO  epam.handlertask.parser.impl.LexemeParser- c
2021-05-06 02:25:39 [main] INFO  epam.handlertask.parser.impl.SentenceParser- as
2021-05-06 02:25:39 [main] INFO  epam.handlertask.parser.impl.LexemeParser- as
2021-05-06 02:25:39 [main] INFO  epam.handlertask.parser.impl.SentenceParser- opposed
2021-05-06 02:25:39 [main] INFO  epam.handlertask.parser.impl.LexemeParser- opposed
2021-05-06 02:25:39 [main] INFO  epam.handlertask.parser.impl.SentenceParser- to
2021-05-06 02:25:39 [main] INFO  epam.handlertask.parser.impl.LexemeParser- to
2021-05-06 02:25:39 [main] INFO  epam.handlertask.parser.impl.SentenceParser- using
2021-05-06 02:25:39 [main] INFO  epam.handlertask.parser.impl.LexemeParser- using
2021-05-06 02:25:39 [main] INFO  epam.handlertask.parser.impl.SentenceParser- (Content
2021-05-06 02:25:39 [main] INFO  epam.handlertask.parser.impl.LexemeParser- Content
2021-05-06 02:25:39 [main] INFO  epam.handlertask.parser.impl.SentenceParser- here),
2021-05-06 02:25:39 [main] INFO  epam.handlertask.parser.impl.LexemeParser- here
2021-05-06 02:25:39 [main] INFO  epam.handlertask.parser.impl.SentenceParser- content
2021-05-06 02:25:39 [main] INFO  epam.handlertask.parser.impl.LexemeParser- content
2021-05-06 02:25:39 [main] INFO  epam.handlertask.parser.impl.SentenceParser- here's,
2021-05-06 02:25:39 [main] INFO  epam.handlertask.parser.impl.LexemeParser- here
2021-05-06 02:25:39 [main] INFO  epam.handlertask.parser.impl.LexemeParser- s
2021-05-06 02:25:39 [main] INFO  epam.handlertask.parser.impl.SentenceParser- making
