2021-05-06 02:25:39 [main] INFO  epam.handlertask.parser.impl.LexemeParser- making
2021-05-06 02:25:39 [main] INFO  epam.handlertask.parser.impl.SentenceParser- it
2021-05-06 02:25:39 [main] INFO  epam.handlertask.parser.impl.LexemeParser- it
2021-05-06 02:25:39 [main] INFO  epam.handlertask.parser.impl.SentenceParser- look
2021-05-06 02:25:39 [main] INFO  epam.handlertask.parser.impl.LexemeParser- look
2021-05-06 02:25:39 [main] INFO  epam.handlertask.parser.impl.SentenceParser- like
2021-05-06 02:25:39 [main] INFO  epam.handlertask.parser.impl.LexemeParser- like
2021-05-06 02:25:39 [main] INFO  epam.handlertask.parser.impl.SentenceParser- readable
2021-05-06 02:25:39 [main] INFO  epam.handlertask.parser.impl.LexemeParser- readable
2021-05-06 02:25:39 [main] INFO  epam.handlertask.parser.impl.SentenceParser- English?
2021-05-06 02:25:39 [main] INFO  epam.handlertask.parser.impl.LexemeParser- English
2021-05-06 02:25:39 [main] INFO  epam.handlertask.parser.impl.SentenceParser- It
2021-05-06 02:25:39 [main] INFO  epam.handlertask.parser.impl.LexemeParser- It
2021-05-06 02:25:39 [main] INFO  epam.handlertask.parser.impl.SentenceParser- is
2021-05-06 02:25:39 [main] INFO  epam.handlertask.parser.impl.LexemeParser- is
2021-05-06 02:25:39 [main] INFO  epam.handlertask.parser.impl.SentenceParser- a
2021-05-06 02:25:39 [main] INFO  epam.handlertask.parser.impl.LexemeParser- a
2021-05-06 02:25:39 [main] INFO  epam.handlertask.parser.impl.SentenceParser- established
2021-05-06 02:25:39 [main] INFO  epam.handlertask.parser.impl.LexemeParser- established
2021-05-06 02:25:39 [main] INFO  epam.handlertask.parser.impl.SentenceParser- fact
2021-05-06 02:25:39 [main] INFO  epam.handlertask.parser.impl.LexemeParser- fact
2021-05-06 02:25:39 [main] INFO  epam.handlertask.parser.impl.SentenceParser- that
2021-05-06 02:25:39 [main] INFO  epam.handlertask.parser.impl.LexemeParser- that
2021-05-06 02:25:39 [main] INFO  epam.handlertask.parser.impl.SentenceParser- a
2021-05-06 02:25:39 [main] INFO  epam.handlertask.parser.impl.LexemeParser- a
2021-05-06 02:25:39 [main] INFO  epam.handlertask.parser.impl.SentenceParser- reader
2021-05-06 02:25:39 [main] INFO  epam.handlertask.parser.impl.LexemeParser- reader
2021-05-06 02:25:39 [main] INFO  epam.handlertask.parser.impl.SentenceParser- will
2021-05-06 02:25:39 [main] INFO  epam.handlertask.parser.impl.LexemeParser- will
2021-05-06 02:25:39 [main] INFO  epam.handlertask.parser.impl.SentenceParser- be
2021-05-06 02:25:39 [main] INFO  epam.handlertask.parser.impl.LexemeParser- be
2021-05-06 02:25:39 [main] INFO  epam.handlertask.parser.impl.SentenceParser- of
2021-05-06 02:25:39 [main] INFO  epam.handlertask.parser.impl.LexemeParser- of
2021-05-06 02:25:39 [main] INFO  epam.handlertask.parser.impl.SentenceParser- a
2021-05-06 02:25:39 [main] INFO  epam.handlertask.parser.impl.LexemeParser- a
2021-05-06 02:25:39 [main] INFO  epam.handlertask.parser.impl.SentenceParser- page
2021-05-06 02:25:39 [main] INFO  epam.handlertask.parser.impl.LexemeParser- page
2021-05-06 02:25:39 [main] INFO  epam.handlertask.parser.impl.SentenceParser- when
2021-05-06 02:25:39 [main] INFO  epam.handlertask.parser.impl.LexemeParser- when
2021-05-06 02:25:39 [main] INFO  epam.handlertask.parser.impl.SentenceParser- looking
2021-05-06 02:25:39 [main] INFO  epam.handlertask.parser.impl.LexemeParser- looking
2021-05-06 02:25:39 [main] INFO  epam.handlertask.parser.impl.SentenceParser- at
2021-05-06 02:25:39 [main] INFO  epam.handlertask.parser.impl.LexemeParser- at
2021-05-06 02:25:39 [main] INFO  epam.handlertask.parser.impl.SentenceParser- its
2021-05-06 02:25:39 [main] INFO  epam.handlertask.parser.impl.LexemeParser- its
2021-05-06 02:25:39 [main] INFO  epam.handlertask.parser.impl.SentenceParser- layout.
2021-05-06 02:25:39 [main] INFO  epam.handlertask.parser.impl.LexemeParser- layout
2021-05-06 02:26:11 [main] INFO  epam.handlertask.reader.impl.TextReaderImpl- In readFromFile() : File are reading...
2021-05-06 02:26:11 [main] INFO  epam.handlertask.parser.impl.LexemeParser- It
2021-05-06 02:26:11 [main] INFO  epam.handlertask.parser.impl.LexemeParser- has
2021-05-06 02:26:11 [main] INFO  epam.handlertask.parser.impl.LexemeParser- survived
2021-05-06 02:26:11 [main] INFO  epam.handlertask.parser.impl.LexemeParser- not
2021-05-06 02:26:11 [main] INFO  epam.handlertask.parser.impl.LexemeParser- only
2021-05-06 02:26:11 [main] INFO  epam.handlertask.parser.impl.LexemeParser- five
2021-05-06 02:26:11 [main] INFO  epam.handlertask.parser.impl.LexemeParser- centuries
2021-05-06 02:26:11 [main] INFO  epam.handlertask.parser.impl.LexemeParser- but
2021-05-06 02:26:11 [main] INFO  epam.handlertask.parser.impl.LexemeParser- also
2021-05-06 02:26:11 [main] INFO  epam.handlertask.parser.impl.LexemeParser- the
2021-05-06 02:26:11 [main] INFO  epam.handlertask.parser.impl.LexemeParser- leap
2021-05-06 02:26:11 [main] INFO  epam.handlertask.parser.impl.LexemeParser- into
2021-05-06 02:26:11 [main] INFO  epam.handlertask.parser.impl.LexemeParser- electronic
2021-05-06 02:26:11 [main] INFO  epam.handlertask.parser.impl.LexemeParser- typesetting
