2021-05-06 15:21:28 [main] INFO  epam.handlertask.parser.impl.WordParser- a
2021-05-06 15:21:28 [main] INFO  epam.handlertask.parser.impl.WordParser- k
2021-05-06 15:21:28 [main] INFO  epam.handlertask.parser.impl.WordParser- e
2021-05-06 15:21:28 [main] INFO  epam.handlertask.parser.impl.WordParser- r
2021-05-06 15:21:28 [main] INFO  epam.handlertask.parser.impl.WordParser- F
2021-05-06 15:21:28 [main] INFO  epam.handlertask.parser.impl.WordParser- a
2021-05-06 15:21:28 [main] INFO  epam.handlertask.parser.impl.WordParser- c
2021-05-06 15:21:28 [main] INFO  epam.handlertask.parser.impl.WordParser- l
2021-05-06 15:21:28 [main] INFO  epam.handlertask.parser.impl.WordParser- o
2021-05-06 15:21:28 [main] INFO  epam.handlertask.parser.impl.WordParser- n
2021-05-06 15:21:28 [main] INFO  epam.handlertask.parser.impl.WordParser- i
2021-05-06 15:21:28 [main] INFO  epam.handlertask.parser.impl.WordParser- n
2021-05-06 15:21:28 [main] INFO  epam.handlertask.parser.impl.WordParser- c
2021-05-06 15:21:28 [main] INFO  epam.handlertask.parser.impl.WordParser- l
2021-05-06 15:21:28 [main] INFO  epam.handlertask.parser.impl.WordParser- u
2021-05-06 15:21:28 [main] INFO  epam.handlertask.parser.impl.WordParser- d
2021-05-06 15:21:28 [main] INFO  epam.handlertask.parser.impl.WordParser- i
2021-05-06 15:21:28 [main] INFO  epam.handlertask.parser.impl.WordParser- n
2021-05-06 15:21:28 [main] INFO  epam.handlertask.parser.impl.WordParser- g
2021-05-06 15:21:28 [main] INFO  epam.handlertask.parser.impl.WordParser- v
2021-05-06 15:21:28 [main] INFO  epam.handlertask.parser.impl.WordParser- e
2021-05-06 15:21:28 [main] INFO  epam.handlertask.parser.impl.WordParser- r
2021-05-06 15:21:28 [main] INFO  epam.handlertask.parser.impl.WordParser- s
2021-05-06 15:21:28 [main] INFO  epam.handlertask.parser.impl.WordParser- i
2021-05-06 15:21:28 [main] INFO  epam.handlertask.parser.impl.WordParser- o
2021-05-06 15:21:28 [main] INFO  epam.handlertask.parser.impl.WordParser- n
2021-05-06 15:21:28 [main] INFO  epam.handlertask.parser.impl.WordParser- s
2021-05-06 15:21:28 [main] INFO  epam.handlertask.parser.impl.WordParser- o
2021-05-06 15:21:28 [main] INFO  epam.handlertask.parser.impl.WordParser- f
2021-05-06 15:21:28 [main] INFO  epam.handlertask.parser.impl.WordParser- L
2021-05-06 15:21:28 [main] INFO  epam.handlertask.parser.impl.WordParser- o
2021-05-06 15:21:28 [main] INFO  epam.handlertask.parser.impl.WordParser- r
2021-05-06 15:21:28 [main] INFO  epam.handlertask.parser.impl.WordParser- e
2021-05-06 15:21:28 [main] INFO  epam.handlertask.parser.impl.WordParser- m
2021-05-06 15:21:28 [main] INFO  epam.handlertask.parser.impl.WordParser- I
2021-05-06 15:21:28 [main] INFO  epam.handlertask.parser.impl.WordParser- p
2021-05-06 15:21:28 [main] INFO  epam.handlertask.parser.impl.WordParser- s
2021-05-06 15:21:28 [main] INFO  epam.handlertask.parser.impl.WordParser- u
2021-05-06 15:21:28 [main] INFO  epam.handlertask.parser.impl.WordParser- m
2021-05-06 15:21:28 [main] INFO  epam.handlertask.parser.impl.TextParser- It is a long a!=b established fact that a reader will be distracted by the readable
content of a page when looking at its layout. The point of using Ipsum is that it has a
more-or-less normal distribution ob.toString(a?b:c), as opposed to using (Content here),
content here's, making it look like readable English?

2021-05-06 15:21:28 [main] INFO  epam.handlertask.parser.impl.WordParser- I
2021-05-06 15:21:28 [main] INFO  epam.handlertask.parser.impl.WordParser- t
2021-05-06 15:21:28 [main] INFO  epam.handlertask.parser.impl.WordParser- i
2021-05-06 15:21:28 [main] INFO  epam.handlertask.parser.impl.WordParser- s
2021-05-06 15:21:28 [main] INFO  epam.handlertask.parser.impl.WordParser- a
2021-05-06 15:21:28 [main] INFO  epam.handlertask.parser.impl.WordParser- l
2021-05-06 15:21:28 [main] INFO  epam.handlertask.parser.impl.WordParser- o
2021-05-06 15:21:28 [main] INFO  epam.handlertask.parser.impl.WordParser- n
2021-05-06 15:21:28 [main] INFO  epam.handlertask.parser.impl.WordParser- g
2021-05-06 15:21:28 [main] INFO  epam.handlertask.parser.impl.WordParser- a
2021-05-06 15:21:28 [main] INFO  epam.handlertask.parser.impl.WordParser- b
2021-05-06 15:21:28 [main] INFO  epam.handlertask.parser.impl.WordParser- e
2021-05-06 15:21:28 [main] INFO  epam.handlertask.parser.impl.WordParser- s
2021-05-06 15:21:28 [main] INFO  epam.handlertask.parser.impl.WordParser- t
2021-05-06 15:21:28 [main] INFO  epam.handlertask.parser.impl.WordParser- a
2021-05-06 15:21:28 [main] INFO  epam.handlertask.parser.impl.WordParser- b
2021-05-06 15:21:28 [main] INFO  epam.handlertask.parser.impl.WordParser- l
2021-05-06 15:21:28 [main] INFO  epam.handlertask.parser.impl.WordParser- i
2021-05-06 15:21:28 [main] INFO  epam.handlertask.parser.impl.WordParser- s
2021-05-06 15:21:28 [main] INFO  epam.handlertask.parser.impl.WordParser- h
2021-05-06 15:21:28 [main] INFO  epam.handlertask.parser.impl.WordParser- e
2021-05-06 15:21:28 [main] INFO  epam.handlertask.parser.impl.WordParser- d
2021-05-06 15:21:28 [main] INFO  epam.handlertask.parser.impl.WordParser- f
