2021-05-06 15:21:28 [main] INFO  epam.handlertask.parser.impl.WordParser- o
2021-05-06 15:21:28 [main] INFO  epam.handlertask.parser.impl.WordParser- k
2021-05-06 15:21:28 [main] INFO  epam.handlertask.parser.impl.WordParser- l
2021-05-06 15:21:28 [main] INFO  epam.handlertask.parser.impl.WordParser- i
2021-05-06 15:21:28 [main] INFO  epam.handlertask.parser.impl.WordParser- k
2021-05-06 15:21:28 [main] INFO  epam.handlertask.parser.impl.WordParser- e
2021-05-06 15:21:28 [main] INFO  epam.handlertask.parser.impl.WordParser- r
2021-05-06 15:21:28 [main] INFO  epam.handlertask.parser.impl.WordParser- e
2021-05-06 15:21:28 [main] INFO  epam.handlertask.parser.impl.WordParser- a
2021-05-06 15:21:28 [main] INFO  epam.handlertask.parser.impl.WordParser- d
2021-05-06 15:21:28 [main] INFO  epam.handlertask.parser.impl.WordParser- a
2021-05-06 15:21:28 [main] INFO  epam.handlertask.parser.impl.WordParser- b
2021-05-06 15:21:28 [main] INFO  epam.handlertask.parser.impl.WordParser- l
2021-05-06 15:21:28 [main] INFO  epam.handlertask.parser.impl.WordParser- e
2021-05-06 15:21:28 [main] INFO  epam.handlertask.parser.impl.WordParser- E
2021-05-06 15:21:28 [main] INFO  epam.handlertask.parser.impl.WordParser- n
2021-05-06 15:21:28 [main] INFO  epam.handlertask.parser.impl.WordParser- g
2021-05-06 15:21:28 [main] INFO  epam.handlertask.parser.impl.WordParser- l
2021-05-06 15:21:28 [main] INFO  epam.handlertask.parser.impl.WordParser- i
2021-05-06 15:21:28 [main] INFO  epam.handlertask.parser.impl.WordParser- s
2021-05-06 15:21:28 [main] INFO  epam.handlertask.parser.impl.WordParser- h
2021-05-06 15:21:28 [main] INFO  epam.handlertask.parser.impl.TextParser- It is a established fact that a reader will be of a page when looking at its layout...

2021-05-06 15:21:28 [main] INFO  epam.handlertask.parser.impl.WordParser- I
2021-05-06 15:21:28 [main] INFO  epam.handlertask.parser.impl.WordParser- t
2021-05-06 15:21:28 [main] INFO  epam.handlertask.parser.impl.WordParser- i
2021-05-06 15:21:28 [main] INFO  epam.handlertask.parser.impl.WordParser- s
2021-05-06 15:21:28 [main] INFO  epam.handlertask.parser.impl.WordParser- a
2021-05-06 15:21:28 [main] INFO  epam.handlertask.parser.impl.WordParser- e
2021-05-06 15:21:28 [main] INFO  epam.handlertask.parser.impl.WordParser- s
2021-05-06 15:21:28 [main] INFO  epam.handlertask.parser.impl.WordParser- t
2021-05-06 15:21:28 [main] INFO  epam.handlertask.parser.impl.WordParser- a
2021-05-06 15:21:28 [main] INFO  epam.handlertask.parser.impl.WordParser- b
2021-05-06 15:21:28 [main] INFO  epam.handlertask.parser.impl.WordParser- l
2021-05-06 15:21:28 [main] INFO  epam.handlertask.parser.impl.WordParser- i
2021-05-06 15:21:28 [main] INFO  epam.handlertask.parser.impl.WordParser- s
2021-05-06 15:21:28 [main] INFO  epam.handlertask.parser.impl.WordParser- h
2021-05-06 15:21:28 [main] INFO  epam.handlertask.parser.impl.WordParser- e
2021-05-06 15:21:28 [main] INFO  epam.handlertask.parser.impl.WordParser- d
2021-05-06 15:21:28 [main] INFO  epam.handlertask.parser.impl.WordParser- f
2021-05-06 15:21:28 [main] INFO  epam.handlertask.parser.impl.WordParser- a
2021-05-06 15:21:28 [main] INFO  epam.handlertask.parser.impl.WordParser- c
2021-05-06 15:21:28 [main] INFO  epam.handlertask.parser.impl.WordParser- t
2021-05-06 15:21:28 [main] INFO  epam.handlertask.parser.impl.WordParser- t
2021-05-06 15:21:28 [main] INFO  epam.handlertask.parser.impl.WordParser- h
2021-05-06 15:21:28 [main] INFO  epam.handlertask.parser.impl.WordParser- a
2021-05-06 15:21:28 [main] INFO  epam.handlertask.parser.impl.WordParser- t
2021-05-06 15:21:28 [main] INFO  epam.handlertask.parser.impl.WordParser- a
2021-05-06 15:21:28 [main] INFO  epam.handlertask.parser.impl.WordParser- r
2021-05-06 15:21:28 [main] INFO  epam.handlertask.parser.impl.WordParser- e
2021-05-06 15:21:28 [main] INFO  epam.handlertask.parser.impl.WordParser- a
2021-05-06 15:21:28 [main] INFO  epam.handlertask.parser.impl.WordParser- d
2021-05-06 15:21:28 [main] INFO  epam.handlertask.parser.impl.WordParser- e
2021-05-06 15:21:28 [main] INFO  epam.handlertask.parser.impl.WordParser- r
2021-05-06 15:21:28 [main] INFO  epam.handlertask.parser.impl.WordParser- w
2021-05-06 15:21:28 [main] INFO  epam.handlertask.parser.impl.WordParser- i
2021-05-06 15:21:28 [main] INFO  epam.handlertask.parser.impl.WordParser- l
2021-05-06 15:21:28 [main] INFO  epam.handlertask.parser.impl.WordParser- l
2021-05-06 15:21:28 [main] INFO  epam.handlertask.parser.impl.WordParser- b
2021-05-06 15:21:28 [main] INFO  epam.handlertask.parser.impl.WordParser- e
2021-05-06 15:21:28 [main] INFO  epam.handlertask.parser.impl.WordParser- o
2021-05-06 15:21:28 [main] INFO  epam.handlertask.parser.impl.WordParser- f
2021-05-06 15:21:28 [main] INFO  epam.handlertask.parser.impl.WordParser- a
2021-05-06 15:21:28 [main] INFO  epam.handlertask.parser.impl.WordParser- p
2021-05-06 15:21:28 [main] INFO  epam.handlertask.parser.impl.WordParser- a
2021-05-06 15:21:28 [main] INFO  epam.handlertask.parser.impl.WordParser- g
2021-05-06 15:21:28 [main] INFO  epam.handlertask.parser.impl.WordParser- e
