2021-05-06 02:24:41 [main] INFO  epam.handlertask.parser.impl.LexemeParser- toString
2021-05-06 02:24:41 [main] INFO  epam.handlertask.parser.impl.LexemeParser- containing
2021-05-06 02:24:41 [main] INFO  epam.handlertask.parser.impl.LexemeParser- Lorem
2021-05-06 02:24:41 [main] INFO  epam.handlertask.parser.impl.LexemeParser- Ipsum
2021-05-06 02:24:41 [main] INFO  epam.handlertask.parser.impl.LexemeParser- passages
2021-05-06 02:24:41 [main] INFO  epam.handlertask.parser.impl.LexemeParser- and
2021-05-06 02:24:41 [main] INFO  epam.handlertask.parser.impl.LexemeParser- more
2021-05-06 02:24:41 [main] INFO  epam.handlertask.parser.impl.LexemeParser- recently
2021-05-06 02:24:41 [main] INFO  epam.handlertask.parser.impl.LexemeParser- with
2021-05-06 02:24:41 [main] INFO  epam.handlertask.parser.impl.LexemeParser- desktop
2021-05-06 02:24:41 [main] INFO  epam.handlertask.parser.impl.LexemeParser- publishing
2021-05-06 02:24:41 [main] INFO  epam.handlertask.parser.impl.LexemeParser- software
2021-05-06 02:24:41 [main] INFO  epam.handlertask.parser.impl.LexemeParser- like
2021-05-06 02:24:41 [main] INFO  epam.handlertask.parser.impl.LexemeParser- Aldus
2021-05-06 02:24:41 [main] INFO  epam.handlertask.parser.impl.LexemeParser- PageMaker
2021-05-06 02:24:41 [main] INFO  epam.handlertask.parser.impl.LexemeParser- Faclon
2021-05-06 02:24:41 [main] INFO  epam.handlertask.parser.impl.LexemeParser- including
2021-05-06 02:24:41 [main] INFO  epam.handlertask.parser.impl.LexemeParser- versions
2021-05-06 02:24:41 [main] INFO  epam.handlertask.parser.impl.LexemeParser- of
2021-05-06 02:24:41 [main] INFO  epam.handlertask.parser.impl.LexemeParser- Lorem
2021-05-06 02:24:41 [main] INFO  epam.handlertask.parser.impl.LexemeParser- Ipsum
2021-05-06 02:24:41 [main] INFO  epam.handlertask.parser.impl.LexemeParser- It
2021-05-06 02:24:41 [main] INFO  epam.handlertask.parser.impl.LexemeParser- is
2021-05-06 02:24:41 [main] INFO  epam.handlertask.parser.impl.LexemeParser- a
2021-05-06 02:24:41 [main] INFO  epam.handlertask.parser.impl.LexemeParser- long
2021-05-06 02:24:41 [main] INFO  epam.handlertask.parser.impl.LexemeParser- a
2021-05-06 02:24:41 [main] INFO  epam.handlertask.parser.impl.LexemeParser- b
2021-05-06 02:24:41 [main] INFO  epam.handlertask.parser.impl.LexemeParser- established
2021-05-06 02:24:41 [main] INFO  epam.handlertask.parser.impl.LexemeParser- fact
2021-05-06 02:24:41 [main] INFO  epam.handlertask.parser.impl.LexemeParser- that
2021-05-06 02:24:41 [main] INFO  epam.handlertask.parser.impl.LexemeParser- a
2021-05-06 02:24:41 [main] INFO  epam.handlertask.parser.impl.LexemeParser- reader
2021-05-06 02:24:41 [main] INFO  epam.handlertask.parser.impl.LexemeParser- will
2021-05-06 02:24:41 [main] INFO  epam.handlertask.parser.impl.LexemeParser- be
2021-05-06 02:24:41 [main] INFO  epam.handlertask.parser.impl.LexemeParser- distracted
2021-05-06 02:24:41 [main] INFO  epam.handlertask.parser.impl.LexemeParser- by
2021-05-06 02:24:41 [main] INFO  epam.handlertask.parser.impl.LexemeParser- the
2021-05-06 02:24:41 [main] INFO  epam.handlertask.parser.impl.LexemeParser- readable
2021-05-06 02:24:41 [main] INFO  epam.handlertask.parser.impl.LexemeParser- content
2021-05-06 02:24:41 [main] INFO  epam.handlertask.parser.impl.LexemeParser- of
2021-05-06 02:24:41 [main] INFO  epam.handlertask.parser.impl.LexemeParser- a
2021-05-06 02:24:41 [main] INFO  epam.handlertask.parser.impl.LexemeParser- page
2021-05-06 02:24:41 [main] INFO  epam.handlertask.parser.impl.LexemeParser- when
2021-05-06 02:24:41 [main] INFO  epam.handlertask.parser.impl.LexemeParser- looking
2021-05-06 02:24:41 [main] INFO  epam.handlertask.parser.impl.LexemeParser- at
2021-05-06 02:24:41 [main] INFO  epam.handlertask.parser.impl.LexemeParser- its
2021-05-06 02:24:41 [main] INFO  epam.handlertask.parser.impl.LexemeParser- layout
2021-05-06 02:24:41 [main] INFO  epam.handlertask.parser.impl.LexemeParser- The
2021-05-06 02:24:41 [main] INFO  epam.handlertask.parser.impl.LexemeParser- point
2021-05-06 02:24:41 [main] INFO  epam.handlertask.parser.impl.LexemeParser- of
2021-05-06 02:24:41 [main] INFO  epam.handlertask.parser.impl.LexemeParser- using
2021-05-06 02:24:41 [main] INFO  epam.handlertask.parser.impl.LexemeParser- Ipsum
2021-05-06 02:24:41 [main] INFO  epam.handlertask.parser.impl.LexemeParser- is
2021-05-06 02:24:41 [main] INFO  epam.handlertask.parser.impl.LexemeParser- that
2021-05-06 02:24:41 [main] INFO  epam.handlertask.parser.impl.LexemeParser- it
2021-05-06 02:24:41 [main] INFO  epam.handlertask.parser.impl.LexemeParser- has
2021-05-06 02:24:41 [main] INFO  epam.handlertask.parser.impl.LexemeParser- a
2021-05-06 02:24:41 [main] INFO  epam.handlertask.parser.impl.LexemeParser- more
2021-05-06 02:24:41 [main] INFO  epam.handlertask.parser.impl.LexemeParser- or
2021-05-06 02:24:41 [main] INFO  epam.handlertask.parser.impl.LexemeParser- less
2021-05-06 02:24:41 [main] INFO  epam.handlertask.parser.impl.LexemeParser- normal
2021-05-06 02:24:41 [main] INFO  epam.handlertask.parser.impl.LexemeParser- distribution
