2021-05-06 02:21:59 [main] INFO  epam.handlertask.parser.impl.SentenceParser- content
2021-05-06 02:21:59 [main] INFO  epam.handlertask.parser.impl.SentenceParser- here's,
2021-05-06 02:21:59 [main] INFO  epam.handlertask.parser.impl.SentenceParser- making
2021-05-06 02:21:59 [main] INFO  epam.handlertask.parser.impl.SentenceParser- it
2021-05-06 02:21:59 [main] INFO  epam.handlertask.parser.impl.SentenceParser- look
2021-05-06 02:21:59 [main] INFO  epam.handlertask.parser.impl.SentenceParser- like
2021-05-06 02:21:59 [main] INFO  epam.handlertask.parser.impl.SentenceParser- readable
2021-05-06 02:21:59 [main] INFO  epam.handlertask.parser.impl.SentenceParser- English?
2021-05-06 02:21:59 [main] INFO  epam.handlertask.parser.impl.SentenceParser- It
2021-05-06 02:21:59 [main] INFO  epam.handlertask.parser.impl.SentenceParser- is
2021-05-06 02:21:59 [main] INFO  epam.handlertask.parser.impl.SentenceParser- a
2021-05-06 02:21:59 [main] INFO  epam.handlertask.parser.impl.SentenceParser- established
2021-05-06 02:21:59 [main] INFO  epam.handlertask.parser.impl.SentenceParser- fact
2021-05-06 02:21:59 [main] INFO  epam.handlertask.parser.impl.SentenceParser- that
2021-05-06 02:21:59 [main] INFO  epam.handlertask.parser.impl.SentenceParser- a
2021-05-06 02:21:59 [main] INFO  epam.handlertask.parser.impl.SentenceParser- reader
2021-05-06 02:21:59 [main] INFO  epam.handlertask.parser.impl.SentenceParser- will
2021-05-06 02:21:59 [main] INFO  epam.handlertask.parser.impl.SentenceParser- be
2021-05-06 02:21:59 [main] INFO  epam.handlertask.parser.impl.SentenceParser- of
2021-05-06 02:21:59 [main] INFO  epam.handlertask.parser.impl.SentenceParser- a
2021-05-06 02:21:59 [main] INFO  epam.handlertask.parser.impl.SentenceParser- page
2021-05-06 02:21:59 [main] INFO  epam.handlertask.parser.impl.SentenceParser- when
2021-05-06 02:21:59 [main] INFO  epam.handlertask.parser.impl.SentenceParser- looking
2021-05-06 02:21:59 [main] INFO  epam.handlertask.parser.impl.SentenceParser- at
2021-05-06 02:21:59 [main] INFO  epam.handlertask.parser.impl.SentenceParser- its
2021-05-06 02:21:59 [main] INFO  epam.handlertask.parser.impl.SentenceParser- layout.
2021-05-06 02:22:43 [main] INFO  epam.handlertask.reader.impl.TextReaderImpl- In readFromFile() : File are reading...
2021-05-06 02:22:43 [main] INFO  epam.handlertask.parser.impl.SentenceParser- It
2021-05-06 02:22:43 [main] INFO  epam.handlertask.parser.impl.SentenceParser- has
2021-05-06 02:22:43 [main] INFO  epam.handlertask.parser.impl.SentenceParser- survived
2021-05-06 02:22:43 [main] INFO  epam.handlertask.parser.impl.SentenceParser- -
2021-05-06 02:22:43 [main] INFO  epam.handlertask.parser.impl.SentenceParser- not
2021-05-06 02:22:43 [main] INFO  epam.handlertask.parser.impl.SentenceParser- only
2021-05-06 02:22:43 [main] INFO  epam.handlertask.parser.impl.SentenceParser- (five)
2021-05-06 02:22:43 [main] INFO  epam.handlertask.parser.impl.SentenceParser- centuries,
2021-05-06 02:22:43 [main] INFO  epam.handlertask.parser.impl.SentenceParser- but
2021-05-06 02:22:43 [main] INFO  epam.handlertask.parser.impl.SentenceParser- also
2021-05-06 02:22:43 [main] INFO  epam.handlertask.parser.impl.SentenceParser- the
2021-05-06 02:22:43 [main] INFO  epam.handlertask.parser.impl.SentenceParser- leap
2021-05-06 02:22:43 [main] INFO  epam.handlertask.parser.impl.SentenceParser- into
2021-05-06 02:22:43 [main] INFO  epam.handlertask.parser.impl.SentenceParser- electronic
2021-05-06 02:22:43 [main] INFO  epam.handlertask.parser.impl.SentenceParser- typesetting,
2021-05-06 02:22:43 [main] INFO  epam.handlertask.parser.impl.SentenceParser- remaining
2021-05-06 02:22:43 [main] INFO  epam.handlertask.parser.impl.SentenceParser- essentially
2021-05-06 02:22:43 [main] INFO  epam.handlertask.parser.impl.SentenceParser- unchanged.
2021-05-06 02:22:43 [main] INFO  epam.handlertask.parser.impl.SentenceParser- It
2021-05-06 02:22:43 [main] INFO  epam.handlertask.parser.impl.SentenceParser- was
2021-05-06 02:22:43 [main] INFO  epam.handlertask.parser.impl.SentenceParser- popularised
2021-05-06 02:22:43 [main] INFO  epam.handlertask.parser.impl.SentenceParser- in
2021-05-06 02:22:43 [main] INFO  epam.handlertask.parser.impl.SentenceParser- the
2021-05-06 02:22:43 [main] INFO  epam.handlertask.parser.impl.SentenceParser- “Динамо”
2021-05-06 02:22:43 [main] INFO  epam.handlertask.parser.impl.SentenceParser- (Рига)
2021-05-06 02:22:43 [main] INFO  epam.handlertask.parser.impl.SentenceParser- with
2021-05-06 02:22:43 [main] INFO  epam.handlertask.parser.impl.SentenceParser- the
2021-05-06 02:22:43 [main] INFO  epam.handlertask.parser.impl.SentenceParser- release
2021-05-06 02:22:43 [main] INFO  epam.handlertask.parser.impl.SentenceParser- of
2021-05-06 02:22:43 [main] INFO  epam.handlertask.parser.impl.SentenceParser- Letraset
2021-05-06 02:22:43 [main] INFO  epam.handlertask.parser.impl.SentenceParser- sheets.
2021-05-06 02:22:43 [main] INFO  epam.handlertask.parser.impl.SentenceParser- toString()
2021-05-06 02:22:43 [main] INFO  epam.handlertask.parser.impl.SentenceParser- containing
