2021-05-06 02:25:39 [main] INFO  epam.handlertask.parser.impl.SentenceParser- like
2021-05-06 02:25:39 [main] INFO  epam.handlertask.parser.impl.LexemeParser- like
2021-05-06 02:25:39 [main] INFO  epam.handlertask.parser.impl.SentenceParser- Aldus
2021-05-06 02:25:39 [main] INFO  epam.handlertask.parser.impl.LexemeParser- Aldus
2021-05-06 02:25:39 [main] INFO  epam.handlertask.parser.impl.SentenceParser- PageMaker
2021-05-06 02:25:39 [main] INFO  epam.handlertask.parser.impl.LexemeParser- PageMaker
2021-05-06 02:25:39 [main] INFO  epam.handlertask.parser.impl.SentenceParser- Faclon9
2021-05-06 02:25:39 [main] INFO  epam.handlertask.parser.impl.LexemeParser- Faclon
2021-05-06 02:25:39 [main] INFO  epam.handlertask.parser.impl.SentenceParser- including
2021-05-06 02:25:39 [main] INFO  epam.handlertask.parser.impl.LexemeParser- including
2021-05-06 02:25:39 [main] INFO  epam.handlertask.parser.impl.SentenceParser- versions
2021-05-06 02:25:39 [main] INFO  epam.handlertask.parser.impl.LexemeParser- versions
2021-05-06 02:25:39 [main] INFO  epam.handlertask.parser.impl.SentenceParser- of
2021-05-06 02:25:39 [main] INFO  epam.handlertask.parser.impl.LexemeParser- of
2021-05-06 02:25:39 [main] INFO  epam.handlertask.parser.impl.SentenceParser- Lorem
2021-05-06 02:25:39 [main] INFO  epam.handlertask.parser.impl.LexemeParser- Lorem
2021-05-06 02:25:39 [main] INFO  epam.handlertask.parser.impl.SentenceParser- Ipsum!
2021-05-06 02:25:39 [main] INFO  epam.handlertask.parser.impl.LexemeParser- Ipsum
2021-05-06 02:25:39 [main] INFO  epam.handlertask.parser.impl.SentenceParser- It
2021-05-06 02:25:39 [main] INFO  epam.handlertask.parser.impl.LexemeParser- It
2021-05-06 02:25:39 [main] INFO  epam.handlertask.parser.impl.SentenceParser- is
2021-05-06 02:25:39 [main] INFO  epam.handlertask.parser.impl.LexemeParser- is
2021-05-06 02:25:39 [main] INFO  epam.handlertask.parser.impl.SentenceParser- a
2021-05-06 02:25:39 [main] INFO  epam.handlertask.parser.impl.LexemeParser- a
2021-05-06 02:25:39 [main] INFO  epam.handlertask.parser.impl.SentenceParser- long
2021-05-06 02:25:39 [main] INFO  epam.handlertask.parser.impl.LexemeParser- long
2021-05-06 02:25:39 [main] INFO  epam.handlertask.parser.impl.SentenceParser- a!
2021-05-06 02:25:39 [main] INFO  epam.handlertask.parser.impl.LexemeParser- a
2021-05-06 02:25:39 [main] INFO  epam.handlertask.parser.impl.SentenceParser- =b
2021-05-06 02:25:39 [main] INFO  epam.handlertask.parser.impl.LexemeParser- b
2021-05-06 02:25:39 [main] INFO  epam.handlertask.parser.impl.SentenceParser- established
2021-05-06 02:25:39 [main] INFO  epam.handlertask.parser.impl.LexemeParser- established
2021-05-06 02:25:39 [main] INFO  epam.handlertask.parser.impl.SentenceParser- fact
2021-05-06 02:25:39 [main] INFO  epam.handlertask.parser.impl.LexemeParser- fact
2021-05-06 02:25:39 [main] INFO  epam.handlertask.parser.impl.SentenceParser- that
2021-05-06 02:25:39 [main] INFO  epam.handlertask.parser.impl.LexemeParser- that
2021-05-06 02:25:39 [main] INFO  epam.handlertask.parser.impl.SentenceParser- a
2021-05-06 02:25:39 [main] INFO  epam.handlertask.parser.impl.LexemeParser- a
2021-05-06 02:25:39 [main] INFO  epam.handlertask.parser.impl.SentenceParser- reader
2021-05-06 02:25:39 [main] INFO  epam.handlertask.parser.impl.LexemeParser- reader
2021-05-06 02:25:39 [main] INFO  epam.handlertask.parser.impl.SentenceParser- will
2021-05-06 02:25:39 [main] INFO  epam.handlertask.parser.impl.LexemeParser- will
2021-05-06 02:25:39 [main] INFO  epam.handlertask.parser.impl.SentenceParser- be
2021-05-06 02:25:39 [main] INFO  epam.handlertask.parser.impl.LexemeParser- be
2021-05-06 02:25:39 [main] INFO  epam.handlertask.parser.impl.SentenceParser- distracted
2021-05-06 02:25:39 [main] INFO  epam.handlertask.parser.impl.LexemeParser- distracted
2021-05-06 02:25:39 [main] INFO  epam.handlertask.parser.impl.SentenceParser- by
2021-05-06 02:25:39 [main] INFO  epam.handlertask.parser.impl.LexemeParser- by
2021-05-06 02:25:39 [main] INFO  epam.handlertask.parser.impl.SentenceParser- the
2021-05-06 02:25:39 [main] INFO  epam.handlertask.parser.impl.LexemeParser- the
2021-05-06 02:25:39 [main] INFO  epam.handlertask.parser.impl.SentenceParser- readable
2021-05-06 02:25:39 [main] INFO  epam.handlertask.parser.impl.LexemeParser- readable
2021-05-06 02:25:39 [main] INFO  epam.handlertask.parser.impl.SentenceParser- content
2021-05-06 02:25:39 [main] INFO  epam.handlertask.parser.impl.LexemeParser- content
2021-05-06 02:25:39 [main] INFO  epam.handlertask.parser.impl.SentenceParser- of
2021-05-06 02:25:39 [main] INFO  epam.handlertask.parser.impl.LexemeParser- of
2021-05-06 02:25:39 [main] INFO  epam.handlertask.parser.impl.SentenceParser- a
2021-05-06 02:25:39 [main] INFO  epam.handlertask.parser.impl.LexemeParser- a
2021-05-06 02:25:39 [main] INFO  epam.handlertask.parser.impl.SentenceParser- page
2021-05-06 02:25:39 [main] INFO  epam.handlertask.parser.impl.LexemeParser- page
2021-05-06 02:25:39 [main] INFO  epam.handlertask.parser.impl.SentenceParser- when
2021-05-06 02:25:39 [main] INFO  epam.handlertask.parser.impl.LexemeParser- when
