2021-05-06 16:45:59 [main] INFO  epam.handlertask.parser.impl.WordParser- l
2021-05-06 16:45:59 [main] INFO  epam.handlertask.parser.impl.WordParser- b
2021-05-06 16:45:59 [main] INFO  epam.handlertask.parser.impl.WordParser- e
2021-05-06 16:45:59 [main] INFO  epam.handlertask.parser.impl.WordParser- o
2021-05-06 16:45:59 [main] INFO  epam.handlertask.parser.impl.WordParser- f
2021-05-06 16:45:59 [main] INFO  epam.handlertask.parser.impl.WordParser- a
2021-05-06 16:45:59 [main] INFO  epam.handlertask.parser.impl.WordParser- p
2021-05-06 16:45:59 [main] INFO  epam.handlertask.parser.impl.WordParser- a
2021-05-06 16:45:59 [main] INFO  epam.handlertask.parser.impl.WordParser- g
2021-05-06 16:45:59 [main] INFO  epam.handlertask.parser.impl.WordParser- e
2021-05-06 16:45:59 [main] INFO  epam.handlertask.parser.impl.WordParser- w
2021-05-06 16:45:59 [main] INFO  epam.handlertask.parser.impl.WordParser- h
2021-05-06 16:45:59 [main] INFO  epam.handlertask.parser.impl.WordParser- e
2021-05-06 16:45:59 [main] INFO  epam.handlertask.parser.impl.WordParser- n
2021-05-06 16:45:59 [main] INFO  epam.handlertask.parser.impl.WordParser- l
2021-05-06 16:45:59 [main] INFO  epam.handlertask.parser.impl.WordParser- o
2021-05-06 16:45:59 [main] INFO  epam.handlertask.parser.impl.WordParser- o
2021-05-06 16:45:59 [main] INFO  epam.handlertask.parser.impl.WordParser- k
2021-05-06 16:45:59 [main] INFO  epam.handlertask.parser.impl.WordParser- i
2021-05-06 16:45:59 [main] INFO  epam.handlertask.parser.impl.WordParser- n
2021-05-06 16:45:59 [main] INFO  epam.handlertask.parser.impl.WordParser- g
2021-05-06 16:45:59 [main] INFO  epam.handlertask.parser.impl.WordParser- a
2021-05-06 16:45:59 [main] INFO  epam.handlertask.parser.impl.WordParser- t
2021-05-06 16:45:59 [main] INFO  epam.handlertask.parser.impl.WordParser- i
2021-05-06 16:45:59 [main] INFO  epam.handlertask.parser.impl.WordParser- t
2021-05-06 16:45:59 [main] INFO  epam.handlertask.parser.impl.WordParser- s
2021-05-06 16:45:59 [main] INFO  epam.handlertask.parser.impl.WordParser- l
2021-05-06 16:45:59 [main] INFO  epam.handlertask.parser.impl.WordParser- a
2021-05-06 16:45:59 [main] INFO  epam.handlertask.parser.impl.WordParser- y
2021-05-06 16:45:59 [main] INFO  epam.handlertask.parser.impl.WordParser- o
2021-05-06 16:45:59 [main] INFO  epam.handlertask.parser.impl.WordParser- u
2021-05-06 16:45:59 [main] INFO  epam.handlertask.parser.impl.WordParser- t
2021-05-06 16:45:59 [main] INFO  epam.handlertask.parser.impl.LexemeParser- .
2021-05-06 16:45:59 [main] INFO  epam.handlertask.parser.impl.LexemeParser- .
2021-05-06 16:45:59 [main] INFO  epam.handlertask.parser.impl.LexemeParser- .
2021-05-06 16:45:59 [main] INFO  epam.handlertask.parser.impl.WordParser- B
2021-05-06 16:45:59 [main] INFO  epam.handlertask.parser.impl.WordParser- y
2021-05-06 16:45:59 [main] INFO  epam.handlertask.parser.impl.WordParser- e
2021-05-06 16:45:59 [main] INFO  epam.handlertask.parser.impl.LexemeParser- .
2021-05-06 16:47:25 [main] INFO  epam.handlertask.reader.impl.TextReaderImpl- In readFromFile() : File are reading...
2021-05-06 16:47:25 [main] INFO  epam.handlertask.parser.impl.LexemeParser- -
2021-05-06 16:47:25 [main] INFO  epam.handlertask.parser.impl.LexemeParser- (
2021-05-06 16:47:25 [main] INFO  epam.handlertask.parser.impl.LexemeParser- )
2021-05-06 16:47:25 [main] INFO  epam.handlertask.parser.impl.LexemeParser- ,
2021-05-06 16:47:25 [main] INFO  epam.handlertask.parser.impl.LexemeParser- ,
2021-05-06 16:47:25 [main] INFO  epam.handlertask.parser.impl.LexemeParser- .
2021-05-06 16:47:25 [main] INFO  epam.handlertask.parser.impl.LexemeParser- (
2021-05-06 16:47:25 [main] INFO  epam.handlertask.parser.impl.LexemeParser- )
2021-05-06 16:47:25 [main] INFO  epam.handlertask.parser.impl.LexemeParser- .
2021-05-06 16:47:25 [main] INFO  epam.handlertask.parser.impl.LexemeParser- (
2021-05-06 16:47:25 [main] INFO  epam.handlertask.parser.impl.LexemeParser- )
2021-05-06 16:47:25 [main] INFO  epam.handlertask.parser.impl.LexemeParser- ,
2021-05-06 16:47:25 [main] INFO  epam.handlertask.parser.impl.LexemeParser- !
2021-05-06 16:47:25 [main] INFO  epam.handlertask.parser.impl.LexemeParser- !
2021-05-06 16:47:25 [main] INFO  epam.handlertask.parser.impl.LexemeParser- =
2021-05-06 16:47:25 [main] INFO  epam.handlertask.parser.impl.LexemeParser- .
2021-05-06 16:47:25 [main] INFO  epam.handlertask.parser.impl.LexemeParser- -
2021-05-06 16:47:25 [main] INFO  epam.handlertask.parser.impl.LexemeParser- -
2021-05-06 16:47:25 [main] INFO  epam.handlertask.parser.impl.LexemeParser- .
2021-05-06 16:47:25 [main] INFO  epam.handlertask.parser.impl.LexemeParser- (
2021-05-06 16:47:25 [main] INFO  epam.handlertask.parser.impl.LexemeParser- ?
2021-05-06 16:47:25 [main] INFO  epam.handlertask.parser.impl.LexemeParser- :
2021-05-06 16:47:25 [main] INFO  epam.handlertask.parser.impl.LexemeParser- )
2021-05-06 16:47:25 [main] INFO  epam.handlertask.parser.impl.LexemeParser- ,
2021-05-06 16:47:25 [main] INFO  epam.handlertask.parser.impl.LexemeParser- (
2021-05-06 16:47:25 [main] INFO  epam.handlertask.parser.impl.LexemeParser- )
