2021-05-06 02:22:43 [main] INFO  epam.handlertask.parser.impl.SentenceParser- as
2021-05-06 02:22:43 [main] INFO  epam.handlertask.parser.impl.SentenceParser- opposed
2021-05-06 02:22:43 [main] INFO  epam.handlertask.parser.impl.SentenceParser- to
2021-05-06 02:22:43 [main] INFO  epam.handlertask.parser.impl.SentenceParser- using
2021-05-06 02:22:43 [main] INFO  epam.handlertask.parser.impl.SentenceParser- (Content
2021-05-06 02:22:43 [main] INFO  epam.handlertask.parser.impl.SentenceParser- here),
2021-05-06 02:22:43 [main] INFO  epam.handlertask.parser.impl.SentenceParser- content
2021-05-06 02:22:43 [main] INFO  epam.handlertask.parser.impl.SentenceParser- here's,
2021-05-06 02:22:43 [main] INFO  epam.handlertask.parser.impl.SentenceParser- making
2021-05-06 02:22:43 [main] INFO  epam.handlertask.parser.impl.SentenceParser- it
2021-05-06 02:22:43 [main] INFO  epam.handlertask.parser.impl.SentenceParser- look
2021-05-06 02:22:43 [main] INFO  epam.handlertask.parser.impl.SentenceParser- like
2021-05-06 02:22:43 [main] INFO  epam.handlertask.parser.impl.SentenceParser- readable
2021-05-06 02:22:43 [main] INFO  epam.handlertask.parser.impl.SentenceParser- English?
2021-05-06 02:22:43 [main] INFO  epam.handlertask.parser.impl.SentenceParser- It
2021-05-06 02:22:43 [main] INFO  epam.handlertask.parser.impl.SentenceParser- is
2021-05-06 02:22:43 [main] INFO  epam.handlertask.parser.impl.SentenceParser- a
2021-05-06 02:22:43 [main] INFO  epam.handlertask.parser.impl.SentenceParser- established
2021-05-06 02:22:43 [main] INFO  epam.handlertask.parser.impl.SentenceParser- fact
2021-05-06 02:22:43 [main] INFO  epam.handlertask.parser.impl.SentenceParser- that
2021-05-06 02:22:43 [main] INFO  epam.handlertask.parser.impl.SentenceParser- a
2021-05-06 02:22:43 [main] INFO  epam.handlertask.parser.impl.SentenceParser- reader
2021-05-06 02:22:43 [main] INFO  epam.handlertask.parser.impl.SentenceParser- will
2021-05-06 02:22:43 [main] INFO  epam.handlertask.parser.impl.SentenceParser- be
2021-05-06 02:22:43 [main] INFO  epam.handlertask.parser.impl.SentenceParser- of
2021-05-06 02:22:43 [main] INFO  epam.handlertask.parser.impl.SentenceParser- a
2021-05-06 02:22:43 [main] INFO  epam.handlertask.parser.impl.SentenceParser- page
2021-05-06 02:22:43 [main] INFO  epam.handlertask.parser.impl.SentenceParser- when
2021-05-06 02:22:43 [main] INFO  epam.handlertask.parser.impl.SentenceParser- looking
2021-05-06 02:22:43 [main] INFO  epam.handlertask.parser.impl.SentenceParser- at
2021-05-06 02:22:43 [main] INFO  epam.handlertask.parser.impl.SentenceParser- its
2021-05-06 02:22:43 [main] INFO  epam.handlertask.parser.impl.SentenceParser- layout.
2021-05-06 02:24:41 [main] INFO  epam.handlertask.reader.impl.TextReaderImpl- In readFromFile() : File are reading...
2021-05-06 02:24:41 [main] INFO  epam.handlertask.parser.impl.LexemeParser- It
2021-05-06 02:24:41 [main] INFO  epam.handlertask.parser.impl.LexemeParser- has
2021-05-06 02:24:41 [main] INFO  epam.handlertask.parser.impl.LexemeParser- survived
2021-05-06 02:24:41 [main] INFO  epam.handlertask.parser.impl.LexemeParser- not
2021-05-06 02:24:41 [main] INFO  epam.handlertask.parser.impl.LexemeParser- only
2021-05-06 02:24:41 [main] INFO  epam.handlertask.parser.impl.LexemeParser- five
2021-05-06 02:24:41 [main] INFO  epam.handlertask.parser.impl.LexemeParser- centuries
2021-05-06 02:24:41 [main] INFO  epam.handlertask.parser.impl.LexemeParser- but
2021-05-06 02:24:41 [main] INFO  epam.handlertask.parser.impl.LexemeParser- also
2021-05-06 02:24:41 [main] INFO  epam.handlertask.parser.impl.LexemeParser- the
2021-05-06 02:24:41 [main] INFO  epam.handlertask.parser.impl.LexemeParser- leap
2021-05-06 02:24:41 [main] INFO  epam.handlertask.parser.impl.LexemeParser- into
2021-05-06 02:24:41 [main] INFO  epam.handlertask.parser.impl.LexemeParser- electronic
2021-05-06 02:24:41 [main] INFO  epam.handlertask.parser.impl.LexemeParser- typesetting
2021-05-06 02:24:41 [main] INFO  epam.handlertask.parser.impl.LexemeParser- remaining
2021-05-06 02:24:41 [main] INFO  epam.handlertask.parser.impl.LexemeParser- essentially
2021-05-06 02:24:41 [main] INFO  epam.handlertask.parser.impl.LexemeParser- unchanged
2021-05-06 02:24:41 [main] INFO  epam.handlertask.parser.impl.LexemeParser- It
2021-05-06 02:24:41 [main] INFO  epam.handlertask.parser.impl.LexemeParser- was
2021-05-06 02:24:41 [main] INFO  epam.handlertask.parser.impl.LexemeParser- popularised
2021-05-06 02:24:41 [main] INFO  epam.handlertask.parser.impl.LexemeParser- in
2021-05-06 02:24:41 [main] INFO  epam.handlertask.parser.impl.LexemeParser- the
2021-05-06 02:24:41 [main] INFO  epam.handlertask.parser.impl.LexemeParser- with
2021-05-06 02:24:41 [main] INFO  epam.handlertask.parser.impl.LexemeParser- the
2021-05-06 02:24:41 [main] INFO  epam.handlertask.parser.impl.LexemeParser- release
2021-05-06 02:24:41 [main] INFO  epam.handlertask.parser.impl.LexemeParser- of
2021-05-06 02:24:41 [main] INFO  epam.handlertask.parser.impl.LexemeParser- Letraset
2021-05-06 02:24:41 [main] INFO  epam.handlertask.parser.impl.LexemeParser- sheets
